+ '[' x64 = x ']'
+ '[' x32 = x ']'
+ srun hostname -s
+ sort -u
+ awk '{ print $0 "-ib slots=32"; }' /tmp/hosts.152497
+ mv /tmp/tmp.152497 /tmp/hosts.152497
+ module load spectrum-mpi
++ /usr/share/lmod/lmod/libexec/lmod bash load spectrum-mpi

Due to MODULEPATH changes, the following have been reloaded:
  1) cuda/10.1

+ eval 'CUDA_PATH=/usr/local/cuda-10.1;' export 'CUDA_PATH;' '__LMOD_REF_COUNT_LD_LIBRARY_PATH=/usr/local/cuda-10.1/lib64:1\;/opt/ibm/spectrum_mpi/profilesupport/lib:1\;/opt/ibm/spectrum_mpi/lib:1\;/gpfs/u/software/ppc64le-rhel7/gcc/7.4.0/1/lib64:1\;/opt/mellanox/sharp/lib:1\;/opt/mellanox/hcoll/lib:1;' export '__LMOD_REF_COUNT_LD_LIBRARY_PATH;' 'LD_LIBRARY_PATH=/usr/local/cuda-10.1/lib64:/opt/ibm/spectrum_mpi/profilesupport/lib:/opt/ibm/spectrum_mpi/lib:/gpfs/u/software/ppc64le-rhel7/gcc/7.4.0/1/lib64:/opt/mellanox/sharp/lib:/opt/mellanox/hcoll/lib;' export 'LD_LIBRARY_PATH;' 'LMOD_FAMILY_MPI=spectrum-mpi;' export 'LMOD_FAMILY_MPI;' 'LMOD_FAMILY_MPI_VERSION=10.3;' export 'LMOD_FAMILY_MPI_VERSION;' '__LMOD_REF_COUNT_LOADEDMODULES=gcc/7.4.0/1:1\;cmake/3.14.6:1\;spectrum-mpi/10.3:1\;cuda/10.1:1;' export '__LMOD_REF_COUNT_LOADEDMODULES;' 'LOADEDMODULES=gcc/7.4.0/1:cmake/3.14.6:spectrum-mpi/10.3:cuda/10.1;' export 'LOADEDMODULES;' '__LMOD_REF_COUNT_MANPATH=/opt/ibm/spectrum_mpi/share/man:1\;/gpfs/u/software/ppc64le-rhel7/gcc/7.4.0/1/share/man:1;' export '__LMOD_REF_COUNT_MANPATH;' 'MANPATH=/opt/ibm/spectrum_mpi/share/man:/gpfs/u/software/ppc64le-rhel7/gcc/7.4.0/1/share/man;' export 'MANPATH;' '__LMOD_REF_COUNT_MODULEPATH=/gpfs/u/software/ppc64le-rhel7/modulefiles/ppc64le-rhel7/modulefiles/.spectrum-mpi/10.3/.cuda/10.1:1\;/gpfs/u/software/ppc64le-rhel7/modulefiles/.spectrum-mpi/10.3:1\;/gpfs/u/software/ppc64le-rhel7/modulefiles/.gcc/7.4.0/1:1\;/gpfs/u/software/ppc64le-rhel7/modulefiles:1;' export '__LMOD_REF_COUNT_MODULEPATH;' 'MODULEPATH=/gpfs/u/software/ppc64le-rhel7/modulefiles/ppc64le-rhel7/modulefiles/.spectrum-mpi/10.3/.cuda/10.1:/gpfs/u/software/ppc64le-rhel7/modulefiles/.spectrum-mpi/10.3:/gpfs/u/software/ppc64le-rhel7/modulefiles/.gcc/7.4.0/1:/gpfs/u/software/ppc64le-rhel7/modulefiles;' export 'MODULEPATH;' 'MPI_ROOT=/opt/ibm/spectrum_mpi;' export 'MPI_ROOT;' 'OPAL_LIBDIR=/opt/ibm/spectrum_mpi/lib;' export 'OPAL_LIBDIR;' '__LMOD_REF_COUNT_PATH=/usr/local/cuda-10.1/bin:1\;/opt/ibm/spectrum_mpi/bin:1\;/gpfs/u/software/ppc64le-rhel7/gcc/7.4.0/1/bin:1\;/usr/lpp/mmfs/bin:1\;/opt/cci/bin:1\;/usr/local/bin:1\;/usr/bin:1\;/usr/local/sbin:1\;/usr/sbin:1\;/opt/ibutils/bin:1\;/gpfs/u/home/PCP9/PCP9srsd/.local/bin:1\;/gpfs/u/home/PCP9/PCP9srsd/bin:1;' export '__LMOD_REF_COUNT_PATH;' 'PATH=/usr/local/cuda-10.1/bin:/opt/ibm/spectrum_mpi/bin:/gpfs/u/software/ppc64le-rhel7/gcc/7.4.0/1/bin:/usr/lpp/mmfs/bin:/opt/cci/bin:/usr/local/bin:/usr/bin:/usr/local/sbin:/usr/sbin:/opt/ibutils/bin:/gpfs/u/home/PCP9/PCP9srsd/.local/bin:/gpfs/u/home/PCP9/PCP9srsd/bin;' export 'PATH;' '__LMOD_REF_COUNT__LMFILES_=/gpfs/u/software/ppc64le-rhel7/modulefiles/gcc/7.4.0/1.lua:1\;/gpfs/u/software/ppc64le-rhel7/modulefiles/cmake/3.14.6.lua:1\;/gpfs/u/software/ppc64le-rhel7/modulefiles/spectrum-mpi/10.3.lua:1\;/gpfs/u/software/ppc64le-rhel7/modulefiles/.spectrum-mpi/10.3/cuda/10.1.lua:1;' export '__LMOD_REF_COUNT__LMFILES_;' '_LMFILES_=/gpfs/u/software/ppc64le-rhel7/modulefiles/gcc/7.4.0/1.lua:/gpfs/u/software/ppc64le-rhel7/modulefiles/cmake/3.14.6.lua:/gpfs/u/software/ppc64le-rhel7/modulefiles/spectrum-mpi/10.3.lua:/gpfs/u/software/ppc64le-rhel7/modulefiles/.spectrum-mpi/10.3/cuda/10.1.lua;' export '_LMFILES_;' '_ModuleTable001_=X01vZHVsZVRhYmxlXz17WyJNVHZlcnNpb24iXT0zLFsiY19yZWJ1aWxkVGltZSJdPWZhbHNlLFsiY19zaG9ydFRpbWUiXT1mYWxzZSxkZXB0aFQ9e30sZmFtaWx5PXtbImNtYWtlIl09ImNtYWtlIixbImNvbXBpbGVyIl09ImdjYyIsWyJtcGkiXT0ic3BlY3RydW0tbXBpIix9LG1UPXtjbWFrZT17WyJmbiJdPSIvZ3Bmcy91L3NvZnR3YXJlL3BwYzY0bGUtcmhlbDcvbW9kdWxlZmlsZXMvY21ha2UvMy4xNC42Lmx1YSIsWyJmdWxsTmFtZSJdPSJjbWFrZS8zLjE0LjYiLFsibG9hZE9yZGVyIl09Mixwcm9wVD17c3RhdGU9e1sic3RhYmxlIl09MSx9LH0sWyJzdGFja0RlcHRoIl09MCxbInN0YXR1cyJdPSJhY3RpdmUiLFsidXNlck5hbWUiXT0iY21ha2UiLH0sY3VkYT17WyJmbiJd;' export '_ModuleTable001_;' '_ModuleTable002_=PSIvZ3Bmcy91L3NvZnR3YXJlL3BwYzY0bGUtcmhlbDcvbW9kdWxlZmlsZXMvLnNwZWN0cnVtLW1waS8xMC4zL2N1ZGEvMTAuMS5sdWEiLFsiZnVsbE5hbWUiXT0iY3VkYS8xMC4xIixbImxvYWRPcmRlciJdPTQscHJvcFQ9e3N0YXRlPXtbInN0YWJsZSJdPTEsfSx9LFsic3RhY2tEZXB0aCJdPTAsWyJzdGF0dXMiXT0iYWN0aXZlIixbInVzZXJOYW1lIl09ImN1ZGEiLH0sZ2NjPXtbImZuIl09Ii9ncGZzL3Uvc29mdHdhcmUvcHBjNjRsZS1yaGVsNy9tb2R1bGVmaWxlcy9nY2MvNy40LjAvMS5sdWEiLFsiZnVsbE5hbWUiXT0iZ2NjLzcuNC4wLzEiLFsibG9hZE9yZGVyIl09MSxwcm9wVD17fSxbInN0YWNrRGVwdGgiXT0wLFsic3RhdHVzIl09ImFjdGl2ZSIsWyJ1c2VyTmFtZSJd;' export '_ModuleTable002_;' '_ModuleTable003_=PSJnY2MvNy40LjAvMSIsfSxbInNwZWN0cnVtLW1waSJdPXtbImZuIl09Ii9ncGZzL3Uvc29mdHdhcmUvcHBjNjRsZS1yaGVsNy9tb2R1bGVmaWxlcy9zcGVjdHJ1bS1tcGkvMTAuMy5sdWEiLFsiZnVsbE5hbWUiXT0ic3BlY3RydW0tbXBpLzEwLjMiLFsibG9hZE9yZGVyIl09Myxwcm9wVD17c3RhdGU9e1sidGVzdGluZyJdPTEsfSx9LFsic3RhY2tEZXB0aCJdPTAsWyJzdGF0dXMiXT0iYWN0aXZlIixbInVzZXJOYW1lIl09InNwZWN0cnVtLW1waSIsfSx9LG1wYXRoQT17Ii9ncGZzL3Uvc29mdHdhcmUvcHBjNjRsZS1yaGVsNy9tb2R1bGVmaWxlcy9wcGM2NGxlLXJoZWw3L21vZHVsZWZpbGVzLy5zcGVjdHJ1bS1tcGkvMTAuMy8uY3VkYS8xMC4xIiwiL2dwZnMvdS9zb2Z0d2Fy;' export '_ModuleTable003_;' '_ModuleTable004_=ZS9wcGM2NGxlLXJoZWw3L21vZHVsZWZpbGVzLy5zcGVjdHJ1bS1tcGkvMTAuMyIsIi9ncGZzL3Uvc29mdHdhcmUvcHBjNjRsZS1yaGVsNy9tb2R1bGVmaWxlcy8uZ2NjLzcuNC4wLzEiLCIvZ3Bmcy91L3NvZnR3YXJlL3BwYzY0bGUtcmhlbDcvbW9kdWxlZmlsZXMiLH0sWyJzeXN0ZW1CYXNlTVBBVEgiXT0iL2dwZnMvdS9zb2Z0d2FyZS9wcGM2NGxlLXJoZWw3L21vZHVsZWZpbGVzIix9;' export '_ModuleTable004_;' '_ModuleTable_Sz_=4;' export '_ModuleTable_Sz_;'
++ CUDA_PATH=/usr/local/cuda-10.1
++ export CUDA_PATH
++ __LMOD_REF_COUNT_LD_LIBRARY_PATH='/usr/local/cuda-10.1/lib64:1;/opt/ibm/spectrum_mpi/profilesupport/lib:1;/opt/ibm/spectrum_mpi/lib:1;/gpfs/u/software/ppc64le-rhel7/gcc/7.4.0/1/lib64:1;/opt/mellanox/sharp/lib:1;/opt/mellanox/hcoll/lib:1'
++ export __LMOD_REF_COUNT_LD_LIBRARY_PATH
++ LD_LIBRARY_PATH=/usr/local/cuda-10.1/lib64:/opt/ibm/spectrum_mpi/profilesupport/lib:/opt/ibm/spectrum_mpi/lib:/gpfs/u/software/ppc64le-rhel7/gcc/7.4.0/1/lib64:/opt/mellanox/sharp/lib:/opt/mellanox/hcoll/lib
++ export LD_LIBRARY_PATH
++ LMOD_FAMILY_MPI=spectrum-mpi
++ export LMOD_FAMILY_MPI
++ LMOD_FAMILY_MPI_VERSION=10.3
++ export LMOD_FAMILY_MPI_VERSION
++ __LMOD_REF_COUNT_LOADEDMODULES='gcc/7.4.0/1:1;cmake/3.14.6:1;spectrum-mpi/10.3:1;cuda/10.1:1'
++ export __LMOD_REF_COUNT_LOADEDMODULES
++ LOADEDMODULES=gcc/7.4.0/1:cmake/3.14.6:spectrum-mpi/10.3:cuda/10.1
++ export LOADEDMODULES
++ __LMOD_REF_COUNT_MANPATH='/opt/ibm/spectrum_mpi/share/man:1;/gpfs/u/software/ppc64le-rhel7/gcc/7.4.0/1/share/man:1'
++ export __LMOD_REF_COUNT_MANPATH
++ MANPATH=/opt/ibm/spectrum_mpi/share/man:/gpfs/u/software/ppc64le-rhel7/gcc/7.4.0/1/share/man
++ export MANPATH
++ __LMOD_REF_COUNT_MODULEPATH='/gpfs/u/software/ppc64le-rhel7/modulefiles/ppc64le-rhel7/modulefiles/.spectrum-mpi/10.3/.cuda/10.1:1;/gpfs/u/software/ppc64le-rhel7/modulefiles/.spectrum-mpi/10.3:1;/gpfs/u/software/ppc64le-rhel7/modulefiles/.gcc/7.4.0/1:1;/gpfs/u/software/ppc64le-rhel7/modulefiles:1'
++ export __LMOD_REF_COUNT_MODULEPATH
++ MODULEPATH=/gpfs/u/software/ppc64le-rhel7/modulefiles/ppc64le-rhel7/modulefiles/.spectrum-mpi/10.3/.cuda/10.1:/gpfs/u/software/ppc64le-rhel7/modulefiles/.spectrum-mpi/10.3:/gpfs/u/software/ppc64le-rhel7/modulefiles/.gcc/7.4.0/1:/gpfs/u/software/ppc64le-rhel7/modulefiles
++ export MODULEPATH
++ MPI_ROOT=/opt/ibm/spectrum_mpi
++ export MPI_ROOT
++ OPAL_LIBDIR=/opt/ibm/spectrum_mpi/lib
++ export OPAL_LIBDIR
++ __LMOD_REF_COUNT_PATH='/usr/local/cuda-10.1/bin:1;/opt/ibm/spectrum_mpi/bin:1;/gpfs/u/software/ppc64le-rhel7/gcc/7.4.0/1/bin:1;/usr/lpp/mmfs/bin:1;/opt/cci/bin:1;/usr/local/bin:1;/usr/bin:1;/usr/local/sbin:1;/usr/sbin:1;/opt/ibutils/bin:1;/gpfs/u/home/PCP9/PCP9srsd/.local/bin:1;/gpfs/u/home/PCP9/PCP9srsd/bin:1'
++ export __LMOD_REF_COUNT_PATH
++ PATH=/usr/local/cuda-10.1/bin:/opt/ibm/spectrum_mpi/bin:/gpfs/u/software/ppc64le-rhel7/gcc/7.4.0/1/bin:/usr/lpp/mmfs/bin:/opt/cci/bin:/usr/local/bin:/usr/bin:/usr/local/sbin:/usr/sbin:/opt/ibutils/bin:/gpfs/u/home/PCP9/PCP9srsd/.local/bin:/gpfs/u/home/PCP9/PCP9srsd/bin
++ export PATH
++ __LMOD_REF_COUNT__LMFILES_='/gpfs/u/software/ppc64le-rhel7/modulefiles/gcc/7.4.0/1.lua:1;/gpfs/u/software/ppc64le-rhel7/modulefiles/cmake/3.14.6.lua:1;/gpfs/u/software/ppc64le-rhel7/modulefiles/spectrum-mpi/10.3.lua:1;/gpfs/u/software/ppc64le-rhel7/modulefiles/.spectrum-mpi/10.3/cuda/10.1.lua:1'
++ export __LMOD_REF_COUNT__LMFILES_
++ _LMFILES_=/gpfs/u/software/ppc64le-rhel7/modulefiles/gcc/7.4.0/1.lua:/gpfs/u/software/ppc64le-rhel7/modulefiles/cmake/3.14.6.lua:/gpfs/u/software/ppc64le-rhel7/modulefiles/spectrum-mpi/10.3.lua:/gpfs/u/software/ppc64le-rhel7/modulefiles/.spectrum-mpi/10.3/cuda/10.1.lua
++ export _LMFILES_
++ _ModuleTable001_=X01vZHVsZVRhYmxlXz17WyJNVHZlcnNpb24iXT0zLFsiY19yZWJ1aWxkVGltZSJdPWZhbHNlLFsiY19zaG9ydFRpbWUiXT1mYWxzZSxkZXB0aFQ9e30sZmFtaWx5PXtbImNtYWtlIl09ImNtYWtlIixbImNvbXBpbGVyIl09ImdjYyIsWyJtcGkiXT0ic3BlY3RydW0tbXBpIix9LG1UPXtjbWFrZT17WyJmbiJdPSIvZ3Bmcy91L3NvZnR3YXJlL3BwYzY0bGUtcmhlbDcvbW9kdWxlZmlsZXMvY21ha2UvMy4xNC42Lmx1YSIsWyJmdWxsTmFtZSJdPSJjbWFrZS8zLjE0LjYiLFsibG9hZE9yZGVyIl09Mixwcm9wVD17c3RhdGU9e1sic3RhYmxlIl09MSx9LH0sWyJzdGFja0RlcHRoIl09MCxbInN0YXR1cyJdPSJhY3RpdmUiLFsidXNlck5hbWUiXT0iY21ha2UiLH0sY3VkYT17WyJmbiJd
++ export _ModuleTable001_
++ _ModuleTable002_=PSIvZ3Bmcy91L3NvZnR3YXJlL3BwYzY0bGUtcmhlbDcvbW9kdWxlZmlsZXMvLnNwZWN0cnVtLW1waS8xMC4zL2N1ZGEvMTAuMS5sdWEiLFsiZnVsbE5hbWUiXT0iY3VkYS8xMC4xIixbImxvYWRPcmRlciJdPTQscHJvcFQ9e3N0YXRlPXtbInN0YWJsZSJdPTEsfSx9LFsic3RhY2tEZXB0aCJdPTAsWyJzdGF0dXMiXT0iYWN0aXZlIixbInVzZXJOYW1lIl09ImN1ZGEiLH0sZ2NjPXtbImZuIl09Ii9ncGZzL3Uvc29mdHdhcmUvcHBjNjRsZS1yaGVsNy9tb2R1bGVmaWxlcy9nY2MvNy40LjAvMS5sdWEiLFsiZnVsbE5hbWUiXT0iZ2NjLzcuNC4wLzEiLFsibG9hZE9yZGVyIl09MSxwcm9wVD17fSxbInN0YWNrRGVwdGgiXT0wLFsic3RhdHVzIl09ImFjdGl2ZSIsWyJ1c2VyTmFtZSJd
++ export _ModuleTable002_
++ _ModuleTable003_=PSJnY2MvNy40LjAvMSIsfSxbInNwZWN0cnVtLW1waSJdPXtbImZuIl09Ii9ncGZzL3Uvc29mdHdhcmUvcHBjNjRsZS1yaGVsNy9tb2R1bGVmaWxlcy9zcGVjdHJ1bS1tcGkvMTAuMy5sdWEiLFsiZnVsbE5hbWUiXT0ic3BlY3RydW0tbXBpLzEwLjMiLFsibG9hZE9yZGVyIl09Myxwcm9wVD17c3RhdGU9e1sidGVzdGluZyJdPTEsfSx9LFsic3RhY2tEZXB0aCJdPTAsWyJzdGF0dXMiXT0iYWN0aXZlIixbInVzZXJOYW1lIl09InNwZWN0cnVtLW1waSIsfSx9LG1wYXRoQT17Ii9ncGZzL3Uvc29mdHdhcmUvcHBjNjRsZS1yaGVsNy9tb2R1bGVmaWxlcy9wcGM2NGxlLXJoZWw3L21vZHVsZWZpbGVzLy5zcGVjdHJ1bS1tcGkvMTAuMy8uY3VkYS8xMC4xIiwiL2dwZnMvdS9zb2Z0d2Fy
++ export _ModuleTable003_
++ _ModuleTable004_=ZS9wcGM2NGxlLXJoZWw3L21vZHVsZWZpbGVzLy5zcGVjdHJ1bS1tcGkvMTAuMyIsIi9ncGZzL3Uvc29mdHdhcmUvcHBjNjRsZS1yaGVsNy9tb2R1bGVmaWxlcy8uZ2NjLzcuNC4wLzEiLCIvZ3Bmcy91L3NvZnR3YXJlL3BwYzY0bGUtcmhlbDcvbW9kdWxlZmlsZXMiLH0sWyJzeXN0ZW1CYXNlTVBBVEgiXT0iL2dwZnMvdS9zb2Z0d2FyZS9wcGM2NGxlLXJoZWw3L21vZHVsZWZpbGVzIix9
++ export _ModuleTable004_
++ _ModuleTable_Sz_=4
++ export _ModuleTable_Sz_
++ : -s sh
+ eval
+ mpirun --bind-to core --report-bindings -hostfile /tmp/hosts.152497 -np 64 /gpfs/u/home/PCP9/PCP9srsd/barn/Final/ROSS/build_cpu/models/mobile-grid-ross/mobile_grid --event-trace=1 --synch=2 --scheduling_algorithm=2 --num_aggregators=2 --num_selectors=1 --num_clients_per_selector=100 --num_tasks=100 --task_size=100 --stats-path=./PhoneStrong_ScalingRCTA/100Clients/ --end=600000 --mean_dur=120000 --prop_start=.05
[dcs156.ccni.rpi.edu:125194] MCW rank 35 bound to socket 1[core 21[hwt 0-3]]: [..../..../..../..../..../..../..../..../..../..../..../..../..../..../..../..../..../..../..../....][..../BBBB/..../..../..../..../..../..../..../..../..../..../..../..../..../..../..../..../..../....]
[dcs156.ccni.rpi.edu:125194] MCW rank 32 bound to socket 0[core 0[hwt 0-3]]: [BBBB/..../..../..../..../..../..../..../..../..../..../..../..../..../..../..../..../..../..../....][..../..../..../..../..../..../..../..../..../..../..../..../..../..../..../..../..../..../..../....]
[dcs156.ccni.rpi.edu:125194] MCW rank 33 bound to socket 1[core 20[hwt 0-3]]: [..../..../..../..../..../..../..../..../..../..../..../..../..../..../..../..../..../..../..../....][BBBB/..../..../..../..../..../..../..../..../..../..../..../..../..../..../..../..../..../..../....]
[dcs156.ccni.rpi.edu:125194] MCW rank 34 bound to socket 0[core 1[hwt 0-3]]: [..../BBBB/..../..../..../..../..../..../..../..../..../..../..../..../..../..../..../..../..../....][..../..../..../..../..../..../..../..../..../..../..../..../..../..../..../..../..../..../..../....]
[dcs155.ccni.rpi.edu:29000] MCW rank 0 bound to socket 0[core 0[hwt 0-3]]: [BBBB/..../..../..../..../..../..../..../..../..../..../..../..../..../..../..../..../..../..../....][..../..../..../..../..../..../..../..../..../..../..../..../..../..../..../..../..../..../..../....]
[dcs155.ccni.rpi.edu:29000] MCW rank 1 bound to socket 1[core 20[hwt 0-3]]: [..../..../..../..../..../..../..../..../..../..../..../..../..../..../..../..../..../..../..../....][BBBB/..../..../..../..../..../..../..../..../..../..../..../..../..../..../..../..../..../..../....]
[dcs155.ccni.rpi.edu:29000] MCW rank 2 bound to socket 0[core 1[hwt 0-3]]: [..../BBBB/..../..../..../..../..../..../..../..../..../..../..../..../..../..../..../..../..../....][..../..../..../..../..../..../..../..../..../..../..../..../..../..../..../..../..../..../..../....]
[dcs155.ccni.rpi.edu:29000] MCW rank 3 bound to socket 1[core 21[hwt 0-3]]: [..../..../..../..../..../..../..../..../..../..../..../..../..../..../..../..../..../..../..../....][..../BBBB/..../..../..../..../..../..../..../..../..../..../..../..../..../..../..../..../..../....]
[dcs155.ccni.rpi.edu:29000] MCW rank 5 bound to socket 1[core 22[hwt 0-3]]: [..../..../..../..../..../..../..../..../..../..../..../..../..../..../..../..../..../..../..../....][..../..../BBBB/..../..../..../..../..../..../..../..../..../..../..../..../..../..../..../..../....]
[dcs155.ccni.rpi.edu:29000] MCW rank 6 bound to socket 0[core 3[hwt 0-3]]: [..../..../..../BBBB/..../..../..../..../..../..../..../..../..../..../..../..../..../..../..../....][..../..../..../..../..../..../..../..../..../..../..../..../..../..../..../..../..../..../..../....]
[dcs155.ccni.rpi.edu:29000] MCW rank 7 bound to socket 1[core 23[hwt 0-3]]: [..../..../..../..../..../..../..../..../..../..../..../..../..../..../..../..../..../..../..../....][..../..../..../BBBB/..../..../..../..../..../..../..../..../..../..../..../..../..../..../..../....]
[dcs155.ccni.rpi.edu:29000] MCW rank 4 bound to socket 0[core 2[hwt 0-3]]: [..../..../BBBB/..../..../..../..../..../..../..../..../..../..../..../..../..../..../..../..../....][..../..../..../..../..../..../..../..../..../..../..../..../..../..../..../..../..../..../..../....]
[dcs156.ccni.rpi.edu:125194] MCW rank 37 bound to socket 1[core 22[hwt 0-3]]: [..../..../..../..../..../..../..../..../..../..../..../..../..../..../..../..../..../..../..../....][..../..../BBBB/..../..../..../..../..../..../..../..../..../..../..../..../..../..../..../..../....]
[dcs156.ccni.rpi.edu:125194] MCW rank 39 bound to socket 1[core 23[hwt 0-3]]: [..../..../..../..../..../..../..../..../..../..../..../..../..../..../..../..../..../..../..../....][..../..../..../BBBB/..../..../..../..../..../..../..../..../..../..../..../..../..../..../..../....]
[dcs156.ccni.rpi.edu:125194] MCW rank 36 bound to socket 0[core 2[hwt 0-3]]: [..../..../BBBB/..../..../..../..../..../..../..../..../..../..../..../..../..../..../..../..../....][..../..../..../..../..../..../..../..../..../..../..../..../..../..../..../..../..../..../..../....]
[dcs155.ccni.rpi.edu:29000] MCW rank 9 bound to socket 1[core 24[hwt 0-3]]: [..../..../..../..../..../..../..../..../..../..../..../..../..../..../..../..../..../..../..../....][..../..../..../..../BBBB/..../..../..../..../..../..../..../..../..../..../..../..../..../..../....]
[dcs155.ccni.rpi.edu:29000] MCW rank 10 bound to socket 0[core 5[hwt 0-3]]: [..../..../..../..../..../BBBB/..../..../..../..../..../..../..../..../..../..../..../..../..../....][..../..../..../..../..../..../..../..../..../..../..../..../..../..../..../..../..../..../..../....]
[dcs156.ccni.rpi.edu:125194] MCW rank 38 bound to socket 0[core 3[hwt 0-3]]: [..../..../..../BBBB/..../..../..../..../..../..../..../..../..../..../..../..../..../..../..../....][..../..../..../..../..../..../..../..../..../..../..../..../..../..../..../..../..../..../..../....]
[dcs156.ccni.rpi.edu:125194] MCW rank 41 bound to socket 1[core 24[hwt 0-3]]: [..../..../..../..../..../..../..../..../..../..../..../..../..../..../..../..../..../..../..../....][..../..../..../..../BBBB/..../..../..../..../..../..../..../..../..../..../..../..../..../..../....]
[dcs155.ccni.rpi.edu:29000] MCW rank 8 bound to socket 0[core 4[hwt 0-3]]: [..../..../..../..../BBBB/..../..../..../..../..../..../..../..../..../..../..../..../..../..../....][..../..../..../..../..../..../..../..../..../..../..../..../..../..../..../..../..../..../..../....]
[dcs156.ccni.rpi.edu:125194] MCW rank 43 bound to socket 1[core 25[hwt 0-3]]: [..../..../..../..../..../..../..../..../..../..../..../..../..../..../..../..../..../..../..../....][..../..../..../..../..../BBBB/..../..../..../..../..../..../..../..../..../..../..../..../..../....]
[dcs155.ccni.rpi.edu:29000] MCW rank 11 bound to socket 1[core 25[hwt 0-3]]: [..../..../..../..../..../..../..../..../..../..../..../..../..../..../..../..../..../..../..../....][..../..../..../..../..../BBBB/..../..../..../..../..../..../..../..../..../..../..../..../..../....]
[dcs155.ccni.rpi.edu:29000] MCW rank 13 bound to socket 1[core 26[hwt 0-3]]: [..../..../..../..../..../..../..../..../..../..../..../..../..../..../..../..../..../..../..../....][..../..../..../..../..../..../BBBB/..../..../..../..../..../..../..../..../..../..../..../..../....]
[dcs156.ccni.rpi.edu:125194] MCW rank 40 bound to socket 0[core 4[hwt 0-3]]: [..../..../..../..../BBBB/..../..../..../..../..../..../..../..../..../..../..../..../..../..../....][..../..../..../..../..../..../..../..../..../..../..../..../..../..../..../..../..../..../..../....]
[dcs155.ccni.rpi.edu:29000] MCW rank 14 bound to socket 0[core 7[hwt 0-3]]: [..../..../..../..../..../..../..../BBBB/..../..../..../..../..../..../..../..../..../..../..../....][..../..../..../..../..../..../..../..../..../..../..../..../..../..../..../..../..../..../..../....]
[dcs156.ccni.rpi.edu:125194] MCW rank 42 bound to socket 0[core 5[hwt 0-3]]: [..../..../..../..../..../BBBB/..../..../..../..../..../..../..../..../..../..../..../..../..../....][..../..../..../..../..../..../..../..../..../..../..../..../..../..../..../..../..../..../..../....]
[dcs156.ccni.rpi.edu:125194] MCW rank 45 bound to socket 1[core 26[hwt 0-3]]: [..../..../..../..../..../..../..../..../..../..../..../..../..../..../..../..../..../..../..../....][..../..../..../..../..../..../BBBB/..../..../..../..../..../..../..../..../..../..../..../..../....]
[dcs155.ccni.rpi.edu:29000] MCW rank 12 bound to socket 0[core 6[hwt 0-3]]: [..../..../..../..../..../..../BBBB/..../..../..../..../..../..../..../..../..../..../..../..../....][..../..../..../..../..../..../..../..../..../..../..../..../..../..../..../..../..../..../..../....]
[dcs156.ccni.rpi.edu:125194] MCW rank 47 bound to socket 1[core 27[hwt 0-3]]: [..../..../..../..../..../..../..../..../..../..../..../..../..../..../..../..../..../..../..../....][..../..../..../..../..../..../..../BBBB/..../..../..../..../..../..../..../..../..../..../..../....]
[dcs155.ccni.rpi.edu:29000] MCW rank 17 bound to socket 1[core 28[hwt 0-3]]: [..../..../..../..../..../..../..../..../..../..../..../..../..../..../..../..../..../..../..../....][..../..../..../..../..../..../..../..../BBBB/..../..../..../..../..../..../..../..../..../..../....]
[dcs155.ccni.rpi.edu:29000] MCW rank 15 bound to socket 1[core 27[hwt 0-3]]: [..../..../..../..../..../..../..../..../..../..../..../..../..../..../..../..../..../..../..../....][..../..../..../..../..../..../..../BBBB/..../..../..../..../..../..../..../..../..../..../..../....]
[dcs156.ccni.rpi.edu:125194] MCW rank 44 bound to socket 0[core 6[hwt 0-3]]: [..../..../..../..../..../..../BBBB/..../..../..../..../..../..../..../..../..../..../..../..../....][..../..../..../..../..../..../..../..../..../..../..../..../..../..../..../..../..../..../..../....]
[dcs155.ccni.rpi.edu:29000] MCW rank 18 bound to socket 0[core 9[hwt 0-3]]: [..../..../..../..../..../..../..../..../..../BBBB/..../..../..../..../..../..../..../..../..../....][..../..../..../..../..../..../..../..../..../..../..../..../..../..../..../..../..../..../..../....]
[dcs156.ccni.rpi.edu:125194] MCW rank 46 bound to socket 0[core 7[hwt 0-3]]: [..../..../..../..../..../..../..../BBBB/..../..../..../..../..../..../..../..../..../..../..../....][..../..../..../..../..../..../..../..../..../..../..../..../..../..../..../..../..../..../..../....]
[dcs156.ccni.rpi.edu:125194] MCW rank 49 bound to socket 1[core 28[hwt 0-3]]: [..../..../..../..../..../..../..../..../..../..../..../..../..../..../..../..../..../..../..../....][..../..../..../..../..../..../..../..../BBBB/..../..../..../..../..../..../..../..../..../..../....]
[dcs155.ccni.rpi.edu:29000] MCW rank 16 bound to socket 0[core 8[hwt 0-3]]: [..../..../..../..../..../..../..../..../BBBB/..../..../..../..../..../..../..../..../..../..../....][..../..../..../..../..../..../..../..../..../..../..../..../..../..../..../..../..../..../..../....]
[dcs156.ccni.rpi.edu:125194] MCW rank 51 bound to socket 1[core 29[hwt 0-3]]: [..../..../..../..../..../..../..../..../..../..../..../..../..../..../..../..../..../..../..../....][..../..../..../..../..../..../..../..../..../BBBB/..../..../..../..../..../..../..../..../..../....]
[dcs155.ccni.rpi.edu:29000] MCW rank 21 bound to socket 1[core 30[hwt 0-3]]: [..../..../..../..../..../..../..../..../..../..../..../..../..../..../..../..../..../..../..../....][..../..../..../..../..../..../..../..../..../..../BBBB/..../..../..../..../..../..../..../..../....]
[dcs156.ccni.rpi.edu:125194] MCW rank 48 bound to socket 0[core 8[hwt 0-3]]: [..../..../..../..../..../..../..../..../BBBB/..../..../..../..../..../..../..../..../..../..../....][..../..../..../..../..../..../..../..../..../..../..../..../..../..../..../..../..../..../..../....]
[dcs155.ccni.rpi.edu:29000] MCW rank 19 bound to socket 1[core 29[hwt 0-3]]: [..../..../..../..../..../..../..../..../..../..../..../..../..../..../..../..../..../..../..../....][..../..../..../..../..../..../..../..../..../BBBB/..../..../..../..../..../..../..../..../..../....]
[dcs156.ccni.rpi.edu:125194] MCW rank 50 bound to socket 0[core 9[hwt 0-3]]: [..../..../..../..../..../..../..../..../..../BBBB/..../..../..../..../..../..../..../..../..../....][..../..../..../..../..../..../..../..../..../..../..../..../..../..../..../..../..../..../..../....]
[dcs156.ccni.rpi.edu:125194] MCW rank 55 bound to socket 1[core 31[hwt 0-3]]: [..../..../..../..../..../..../..../..../..../..../..../..../..../..../..../..../..../..../..../....][..../..../..../..../..../..../..../..../..../..../..../BBBB/..../..../..../..../..../..../..../....]
[dcs155.ccni.rpi.edu:29000] MCW rank 22 bound to socket 0[core 11[hwt 0-3]]: [..../..../..../..../..../..../..../..../..../..../..../BBBB/..../..../..../..../..../..../..../....][..../..../..../..../..../..../..../..../..../..../..../..../..../..../..../..../..../..../..../....]
[dcs156.ccni.rpi.edu:125194] MCW rank 53 bound to socket 1[core 30[hwt 0-3]]: [..../..../..../..../..../..../..../..../..../..../..../..../..../..../..../..../..../..../..../....][..../..../..../..../..../..../..../..../..../..../BBBB/..../..../..../..../..../..../..../..../....]
[dcs155.ccni.rpi.edu:29000] MCW rank 25 bound to socket 1[core 32[hwt 0-3]]: [..../..../..../..../..../..../..../..../..../..../..../..../..../..../..../..../..../..../..../....][..../..../..../..../..../..../..../..../..../..../..../..../BBBB/..../..../..../..../..../..../....]
[dcs156.ccni.rpi.edu:125194] MCW rank 52 bound to socket 0[core 10[hwt 0-3]]: [..../..../..../..../..../..../..../..../..../..../BBBB/..../..../..../..../..../..../..../..../....][..../..../..../..../..../..../..../..../..../..../..../..../..../..../..../..../..../..../..../....]
[dcs155.ccni.rpi.edu:29000] MCW rank 23 bound to socket 1[core 31[hwt 0-3]]: [..../..../..../..../..../..../..../..../..../..../..../..../..../..../..../..../..../..../..../....][..../..../..../..../..../..../..../..../..../..../..../BBBB/..../..../..../..../..../..../..../....]
[dcs156.ccni.rpi.edu:125194] MCW rank 54 bound to socket 0[core 11[hwt 0-3]]: [..../..../..../..../..../..../..../..../..../..../..../BBBB/..../..../..../..../..../..../..../....][..../..../..../..../..../..../..../..../..../..../..../..../..../..../..../..../..../..../..../....]
[dcs156.ccni.rpi.edu:125194] MCW rank 59 bound to socket 1[core 33[hwt 0-3]]: [..../..../..../..../..../..../..../..../..../..../..../..../..../..../..../..../..../..../..../....][..../..../..../..../..../..../..../..../..../..../..../..../..../BBBB/..../..../..../..../..../....]
[dcs155.ccni.rpi.edu:29000] MCW rank 20 bound to socket 0[core 10[hwt 0-3]]: [..../..../..../..../..../..../..../..../..../..../BBBB/..../..../..../..../..../..../..../..../....][..../..../..../..../..../..../..../..../..../..../..../..../..../..../..../..../..../..../..../....]
[dcs155.ccni.rpi.edu:29000] MCW rank 26 bound to socket 0[core 13[hwt 0-3]]: [..../..../..../..../..../..../..../..../..../..../..../..../..../BBBB/..../..../..../..../..../....][..../..../..../..../..../..../..../..../..../..../..../..../..../..../..../..../..../..../..../....]
[dcs156.ccni.rpi.edu:125194] MCW rank 57 bound to socket 1[core 32[hwt 0-3]]: [..../..../..../..../..../..../..../..../..../..../..../..../..../..../..../..../..../..../..../....][..../..../..../..../..../..../..../..../..../..../..../..../BBBB/..../..../..../..../..../..../....]
[dcs155.ccni.rpi.edu:29000] MCW rank 29 bound to socket 1[core 34[hwt 0-3]]: [..../..../..../..../..../..../..../..../..../..../..../..../..../..../..../..../..../..../..../....][..../..../..../..../..../..../..../..../..../..../..../..../..../..../BBBB/..../..../..../..../....]
[dcs156.ccni.rpi.edu:125194] MCW rank 56 bound to socket 0[core 12[hwt 0-3]]: [..../..../..../..../..../..../..../..../..../..../..../..../BBBB/..../..../..../..../..../..../....][..../..../..../..../..../..../..../..../..../..../..../..../..../..../..../..../..../..../..../....]
[dcs155.ccni.rpi.edu:29000] MCW rank 27 bound to socket 1[core 33[hwt 0-3]]: [..../..../..../..../..../..../..../..../..../..../..../..../..../..../..../..../..../..../..../....][..../..../..../..../..../..../..../..../..../..../..../..../..../BBBB/..../..../..../..../..../....]
[dcs155.ccni.rpi.edu:29000] MCW rank 30 bound to socket 0[core 15[hwt 0-3]]: [..../..../..../..../..../..../..../..../..../..../..../..../..../..../..../BBBB/..../..../..../....][..../..../..../..../..../..../..../..../..../..../..../..../..../..../..../..../..../..../..../....]
[dcs156.ccni.rpi.edu:125194] MCW rank 63 bound to socket 1[core 35[hwt 0-3]]: [..../..../..../..../..../..../..../..../..../..../..../..../..../..../..../..../..../..../..../....][..../..../..../..../..../..../..../..../..../..../..../..../..../..../..../BBBB/..../..../..../....]
[dcs156.ccni.rpi.edu:125194] MCW rank 61 bound to socket 1[core 34[hwt 0-3]]: [..../..../..../..../..../..../..../..../..../..../..../..../..../..../..../..../..../..../..../....][..../..../..../..../..../..../..../..../..../..../..../..../..../..../BBBB/..../..../..../..../....]
[dcs155.ccni.rpi.edu:29000] MCW rank 24 bound to socket 0[core 12[hwt 0-3]]: [..../..../..../..../..../..../..../..../..../..../..../..../BBBB/..../..../..../..../..../..../....][..../..../..../..../..../..../..../..../..../..../..../..../..../..../..../..../..../..../..../....]
[dcs156.ccni.rpi.edu:125194] MCW rank 58 bound to socket 0[core 13[hwt 0-3]]: [..../..../..../..../..../..../..../..../..../..../..../..../..../BBBB/..../..../..../..../..../....][..../..../..../..../..../..../..../..../..../..../..../..../..../..../..../..../..../..../..../....]
[dcs155.ccni.rpi.edu:29000] MCW rank 31 bound to socket 1[core 35[hwt 0-3]]: [..../..../..../..../..../..../..../..../..../..../..../..../..../..../..../..../..../..../..../....][..../..../..../..../..../..../..../..../..../..../..../..../..../..../..../BBBB/..../..../..../....]
[dcs156.ccni.rpi.edu:125194] MCW rank 60 bound to socket 0[core 14[hwt 0-3]]: [..../..../..../..../..../..../..../..../..../..../..../..../..../..../BBBB/..../..../..../..../....][..../..../..../..../..../..../..../..../..../..../..../..../..../..../..../..../..../..../..../....]
[dcs156.ccni.rpi.edu:125194] MCW rank 62 bound to socket 0[core 15[hwt 0-3]]: [..../..../..../..../..../..../..../..../..../..../..../..../..../..../..../BBBB/..../..../..../....][..../..../..../..../..../..../..../..../..../..../..../..../..../..../..../..../..../..../..../....]
[dcs155.ccni.rpi.edu:29000] MCW rank 28 bound to socket 0[core 14[hwt 0-3]]: [..../..../..../..../..../..../..../..../..../..../..../..../..../..../BBBB/..../..../..../..../....][..../..../..../..../..../..../..../..../..../..../..../..../..../..../..../..../..../..../..../....]
/gpfs/u/home/PCP9/PCP9srsd/barn/Final/ROSS/build_cpu/models/mobile-grid-ross/mobile_grid --event-trace=1 --synch=2 --scheduling_algorithm=2 --num_aggregators=2 --num_selectors=1 --num_clients_per_selector=100 --num_tasks=100 --task_size=100 --stats-path=./PhoneStrong_ScalingRCTA/100Clients/ --end=600000 --mean_dur=120000 --prop_start=.05 

Mon May  4 04:37:41 2020

ROSS Version: HEAD-HASH-NOTFOUND

100
g_num_total_lps: 205, num_lps_per_pe: 4
100
g_num_total_lps: 205, num_lps_per_pe: 4
100
g_num_total_lps: 205, num_lps_per_pe: 4
100
g_num_total_lps: 205, num_lps_per_pe: 4
100
g_num_total_lps: 205, num_lps_per_pe: 4
100
g_num_total_lps: 205, num_lps_per_pe: 4
100
g_num_total_lps: 205, num_lps_per_pe: 4
100
g_num_total_lps: 205, num_lps_per_pe: 4
100
g_num_total_lps: 205, num_lps_per_pe: 4
100
g_num_total_lps: 205, num_lps_per_pe: 4
100
g_num_total_lps: 205, num_lps_per_pe: 4
100
g_num_total_lps: 205, num_lps_per_pe: 4
100
g_num_total_lps: 205, num_lps_per_pe: 4
100
g_num_total_lps: 205, num_lps_per_pe: 4
100
g_num_total_lps: 205, num_lps_per_pe: 4
100
g_num_total_lps: 205, num_lps_per_pe: 4
100
g_num_total_lps: 205, num_lps_per_pe: 4
100
g_num_total_lps: 205, num_lps_per_pe: 4
100
g_num_total_lps: 205, num_lps_per_pe: 4
100
g_num_total_lps: 205, num_lps_per_pe: 4
100
g_num_total_lps: 205, num_lps_per_pe: 4
100
g_num_total_lps: 205, num_lps_per_pe: 4
100
g_num_total_lps: 205, num_lps_per_pe: 4
100
g_num_total_lps: 205, num_lps_per_pe: 4
100
g_num_total_lps: 205, num_lps_per_pe: 4
100
g_num_total_lps: 205, num_lps_per_pe: 4
100
g_num_total_lps: 205, num_lps_per_pe: 4
100
g_num_total_lps: 205, num_lps_per_pe: 4
100
g_num_total_lps: 205, num_lps_per_pe: 4
100
g_num_total_lps: 205, num_lps_per_pe: 4
100
g_num_total_lps: 205, num_lps_per_pe: 4
100
g_num_total_lps: 205, num_lps_per_pe: 4
100
g_num_total_lps: 205, num_lps_per_pe: 4
100
g_num_total_lps: 205, num_lps_per_pe: 4
100
g_num_total_lps: 205, num_lps_per_pe: 4
100
g_num_total_lps: 205, num_lps_per_pe: 4
100
g_num_total_lps: 205, num_lps_per_pe: 4
100
g_num_total_lps: 205, num_lps_per_pe: 4
100
g_num_total_lps: 205, num_lps_per_pe: 4
100
g_num_total_lps: 205, num_lps_per_pe: 4
100
g_num_total_lps: 205, num_lps_per_pe: 4
100
g_num_total_lps: 205, num_lps_per_pe: 4
100
g_num_total_lps: 205, num_lps_per_pe: 4
100
g_num_total_lps: 205, num_lps_per_pe: 4
tw_net_start: Found world size to be 64 
100
g_num_total_lps: 205, num_lps_per_pe: 4
100
g_num_total_lps: 205, num_lps_per_pe: 4
100
g_num_total_lps: 205, num_lps_per_pe: 4
100
g_num_total_lps: 205, num_lps_per_pe: 4
100
g_num_total_lps: 205, num_lps_per_pe: 4
100
g_num_total_lps: 205, num_lps_per_pe: 4
100
g_num_total_lps: 205, num_lps_per_pe: 4
100
g_num_total_lps: 205, num_lps_per_pe: 4
100
g_num_total_lps: 205, num_lps_per_pe: 4
100
g_num_total_lps: 205, num_lps_per_pe: 4
100
g_num_total_lps: 205, num_lps_per_pe: 4
100
g_num_total_lps: 205, num_lps_per_pe: 4
100
g_num_total_lps: 205, num_lps_per_pe: 4
100
g_num_total_lps: 205, num_lps_per_pe: 4
100
g_num_total_lps: 205, num_lps_per_pe: 4
100
g_num_total_lps: 205, num_lps_per_pe: 4
100
g_num_total_lps: 205, num_lps_per_pe: 4
100
g_num_total_lps: 205, num_lps_per_pe: 4
100
g_num_total_lps: 205, num_lps_per_pe: 4
100
g_num_total_lps: 205, num_lps_per_pe: 4

ROSS Core Configuration: 
	Total PEs                                                   64
	Total KPs                                          [Nodes (64) x KPs (16)] 1024
	Total LPs                                                  256
	Simulation End Time                                  600000.00
	LP-to-PE Mapping                                        linear


ROSS Event Memory Allocation:
	Model events                                              2049
	Network events                                              16
	Total events                                              2064

Initializing client, gid: 88 (Channel 188)
Initializing client, gid: 89 (Channel 189)
Initializing client, gid: 90 (Channel 190)
Initializing client, gid: 91 (Channel 191)
Initializing client, gid: 104 (Channel 204)
Initializing channel, gid: 105 (Client 5)
Initializing channel, gid: 106 (Client 6)
Initializing channel, gid: 107 (Client 7)
Initializing client, gid: 36 (Channel 136)
Initializing client, gid: 37 (Channel 137)
Initializing client, gid: 38 (Channel 138)
Initializing client, gid: 39 (Channel 139)
Initializing client, gid: 84 (Channel 184)
Initializing client, gid: 85 (Channel 185)
Initializing client, gid: 86 (Channel 186)
Initializing client, gid: 87 (Channel 187)
Initializing client, gid: 80 (Channel 180)
Initializing client, gid: 81 (Channel 181)
Initializing client, gid: 82 (Channel 182)
Initializing client, gid: 83 (Channel 183)
Initializing client, gid: 28 (Channel 128)
Initializing client, gid: 29 (Channel 129)
Initializing client, gid: 30 (Channel 130)
Initializing client, gid: 31 (Channel 131)
Initializing client, gid: 96 (Channel 196)
Initializing client, gid: 97 (Channel 197)
Initializing client, gid: 98 (Channel 198)
Initializing client, gid: 99 (Channel 199)
Initializing client, gid: 92 (Channel 192)
Initializing client, gid: 93 (Channel 193)
Initializing client, gid: 94 (Channel 194)
Initializing client, gid: 95 (Channel 195)
Initializing client, gid: 24 (Channel 124)
Initializing client, gid: 25 (Channel 125)
Initializing client, gid: 26 (Channel 126)
Initializing client, gid: 27 (Channel 127)
Initializing client, gid: 72 (Channel 172)
Initializing client, gid: 73 (Channel 173)
Initializing client, gid: 74 (Channel 174)
Initializing client, gid: 75 (Channel 175)
Initializing channel, gid: 124 (Client 24)
Initializing channel, gid: 125 (Client 25)
Initializing channel, gid: 126 (Client 26)
Initializing channel, gid: 127 (Client 27)
Initializing client, gid: 40 (Channel 140)
Initializing client, gid: 41 (Channel 141)
Initializing client, gid: 42 (Channel 142)
Initializing client, gid: 43 (Channel 143)
Initializing coordinator, gid: 0
Initializing aggregator, gid: 1
Initializing aggregator, gid: 2
Initializing aggregator, gid: 3
Coordinator preeeinit
Initializing client, gid: 56 (Channel 156)
Initializing client, gid: 57 (Channel 157)
Initializing client, gid: 58 (Channel 158)
Initializing client, gid: 59 (Channel 159)
Initializing client, gid: 48 (Channel 148)
Initializing client, gid: 49 (Channel 149)
Initializing client, gid: 50 (Channel 150)
Initializing client, gid: 51 (Channel 151)
Initializing client, gid: 68 (Channel 168)
Initializing client, gid: 69 (Channel 169)
Initializing client, gid: 70 (Channel 170)
Initializing client, gid: 71 (Channel 171)
Initializing channel, gid: 116 (Client 16)
Initializing channel, gid: 117 (Client 17)
Initializing channel, gid: 118 (Client 18)
Initializing channel, gid: 119 (Client 19)
Initializing channel, gid: 108 (Client 8)
Initializing channel, gid: 109 (Client 9)
Initializing channel, gid: 110 (Client 10)
Initializing channel, gid: 111 (Client 11)
Initializing channel, gid: 120 (Client 20)
Initializing channel, gid: 121 (Client 21)
Initializing channel, gid: 122 (Client 22)
Initializing channel, gid: 123 (Client 23)
Initializing client, gid: 20 (Channel 120)
Initializing client, gid: 21 (Channel 121)
Initializing client, gid: 22 (Channel 122)
Initializing client, gid: 23 (Channel 123)
Initializing client, gid: 8 (Channel 108)
Initializing client, gid: 9 (Channel 109)
Initializing client, gid: 10 (Channel 110)
Initializing client, gid: 11 (Channel 111)
Initializing client, gid: 16 (Channel 116)
Initializing client, gid: 17 (Channel 117)
Initializing client, gid: 18 (Channel 118)
Initializing client, gid: 19 (Channel 119)
Initializing client, gid: 32 (Channel 132)
Initializing client, gid: 33 (Channel 133)
Initializing client, gid: 34 (Channel 134)
Initializing client, gid: 35 (Channel 135)
Initializing client, gid: 60 (Channel 160)
Initializing client, gid: 61 (Channel 161)
Initializing client, gid: 62 (Channel 162)
Initializing client, gid: 63 (Channel 163)
Initializing selector, gid: 4, Clients: 5,6,7,8,9,10,11,12,13,14,15,16,17,18,19,20,21,22,23,24,25,26,27,28,29,30,31,32,33,34,35,36,37,38,39,40,41,42,43,44,45,46,47,48,49,50,51,52,53,54,55,56,57,58,59,60,61,62,63,64,65,66,67,68,69,70,71,72,73,74,75,76,77,78,79,80,81,82,83,84,85,86,87,88,89,90,91,92,93,94,95,96,97,98,99,100,101,102,103,104,
Initializing client, gid: 5 (Channel 105)
Initializing client, gid: 6 (Channel 106)
Initializing client, gid: 7 (Channel 107)
Initializing client, gid: 100 (Channel 200)
Initializing client, gid: 101 (Channel 201)
Initializing client, gid: 102 (Channel 202)
Initializing client, gid: 103 (Channel 203)
Initializing client, gid: 44 (Channel 144)
Initializing client, gid: 45 (Channel 145)
Initializing client, gid: 46 (Channel 146)
Initializing client, gid: 47 (Channel 147)
Initializing channel, gid: 112 (Client 12)
Initializing channel, gid: 113 (Client 13)
Initializing channel, gid: 114 (Client 14)
Initializing channel, gid: 115 (Client 15)
Initializing client, gid: 52 (Channel 152)
Initializing client, gid: 53 (Channel 153)
Initializing client, gid: 54 (Channel 154)
Initializing client, gid: 55 (Channel 155)
Initializing client, gid: 76 (Channel 176)
Initializing client, gid: 77 (Channel 177)
Initializing client, gid: 78 (Channel 178)
Initializing client, gid: 79 (Channel 179)
Initializing client, gid: 64 (Channel 164)
Initializing client, gid: 65 (Channel 165)
Initializing client, gid: 66 (Channel 166)
Initializing client, gid: 67 (Channel 167)
[dcs155:29028] *** Process received signal ***
[dcs155:29028] Signal: Segmentation fault (11)
[dcs155:29028] Signal code: Address not mapped (1)
[dcs155:29028] Failing at address: (nil)
[dcs155:29028] [ 0] [0x7fffa8f704d8]
[dcs155:29028] [ 1] /gpfs/u/home/PCP9/PCP9srsd/barn/Final/ROSS/build_cpu/models/mobile-grid-ross/liblmobile_grid.so(schedule_rcta+0x70)[0x7fffa8e0d110]
[dcs155:29028] [ 2] /gpfs/u/home/PCP9/PCP9srsd/barn/Final/ROSS/build_cpu/models/mobile-grid-ross/liblmobile_grid.so(schedule+0x628)[0x7fffa8e0cca8]
[dcs155:29028] [ 3] /gpfs/u/home/PCP9/PCP9srsd/barn/Final/ROSS/build_cpu/models/mobile-grid-ross/liblmobile_grid.so(coordinator_event_handler+0x14c)[0x7fffa8e0be8c]
[dcs155:29028] [ 4] /gpfs/u/home/PCP9/PCP9srsd/barn/Final/ROSS/build_cpu/models/mobile-grid-ross/mobile_grid[0x10031164]
[dcs155:29028] [ 5] /gpfs/u/home/PCP9/PCP9srsd/barn/Final/ROSS/build_cpu/models/mobile-grid-ross/mobile_grid[0x1001e6c0]
[dcs155:29028] [ 6] /gpfs/u/home/PCP9/PCP9srsd/barn/Final/ROSS/build_cpu/models/mobile-grid-ross/mobile_grid[0x10004798]
[dcs155:29028] [ 7] /usr/lib64/libc.so.6(+0x25200)[0x7fffa89e5200]
[dcs155:29028] [ 8] /usr/lib64/libc.so.6(__libc_start_main+0xc4)[0x7fffa89e53f4]
[dcs155:29028] *** End of error message ***
Initializing client, gid: 12 (Channel 112)
Initializing client, gid: 13 (Channel 113)
Initializing client, gid: 14 (Channel 114)
Initializing client, gid: 15 (Channel 115)
*** START PARALLEL CONSERVATIVE SIMULATION ***

Initializing channel, gid: 200 (Client 100)
Initializing channel, gid: 201 (Client 101)
Initializing channel, gid: 202 (Client 102)
Initializing channel, gid: 203 (Client 103)
Initializing channel, gid: 196 (Client 96)
Initializing channel, gid: 197 (Client 97)
Initializing channel, gid: 198 (Client 98)
Initializing channel, gid: 199 (Client 99)
Device available received 71, 2147483648, 0, 0.058331
GVT #2: simulation 1% complete, max event queue size 102 (GVT = 8433.9170).
AVL tree size: 0
Device available received 99, 3221225472, 0, 0.095251
Device available received 76, 2147483648, 0, 0.098686
Initializing channel, gid: 176 (Client 76)
Initializing channel, gid: 177 (Client 77)
Initializing channel, gid: 178 (Client 78)
Initializing channel, gid: 179 (Client 79)
Initializing channel, gid: 148 (Client 48)
Initializing channel, gid: 149 (Client 49)
Initializing channel, gid: 150 (Client 50)
Initializing channel, gid: 151 (Client 51)
Initializing channel, gid: 172 (Client 72)
Initializing channel, gid: 173 (Client 73)
Initializing channel, gid: 174 (Client 74)
Initializing channel, gid: 175 (Client 75)
Initializing channel, gid: 168 (Client 68)
Initializing channel, gid: 169 (Client 69)
Initializing channel, gid: 170 (Client 70)
Initializing channel, gid: 171 (Client 71)
Task Arriving
Scheduling new taskGenerating map reduce task
Staged subtask: 63
scheduling
Notifying aggregators
Assigned to aggregator num tasks50
Assigned to aggregator num tasks50
Initializing channel, gid: 128 (Client 28)
Initializing channel, gid: 129 (Client 29)
Initializing channel, gid: 130 (Client 30)
Initializing channel, gid: 131 (Client 31)
Initializing channel, gid: 164 (Client 64)
Initializing channel, gid: 165 (Client 65)
Initializing channel, gid: 166 (Client 66)
Initializing channel, gid: 167 (Client 67)
Initializing channel, gid: 144 (Client 44)
Initializing channel, gid: 145 (Client 45)
Initializing channel, gid: 146 (Client 46)
Initializing channel, gid: 147 (Client 47)
Initializing channel, gid: 204 (Client 104)
Initializing channel, gid: 132 (Client 32)
Initializing channel, gid: 133 (Client 33)
Initializing channel, gid: 134 (Client 34)
Initializing channel, gid: 135 (Client 35)
Initializing channel, gid: 160 (Client 60)
Initializing channel, gid: 161 (Client 61)
Initializing channel, gid: 162 (Client 62)
Initializing channel, gid: 163 (Client 63)
Initializing channel, gid: 140 (Client 40)
Initializing channel, gid: 141 (Client 41)
Initializing channel, gid: 142 (Client 42)
Initializing channel, gid: 143 (Client 43)
Initializing channel, gid: 152 (Client 52)
Initializing channel, gid: 153 (Client 53)
Initializing channel, gid: 154 (Client 54)
Initializing channel, gid: 155 (Client 55)
Initializing channel, gid: 136 (Client 36)
Initializing channel, gid: 137 (Client 37)
Initializing channel, gid: 138 (Client 38)
Initializing channel, gid: 139 (Client 39)
Initializing channel, gid: 156 (Client 56)
Initializing channel, gid: 157 (Client 57)
Initializing channel, gid: 158 (Client 58)
Initializing channel, gid: 159 (Client 59)
Initializing channel, gid: 180 (Client 80)
Initializing channel, gid: 181 (Client 81)
Initializing channel, gid: 182 (Client 82)
Initializing channel, gid: 183 (Client 83)
Initializing channel, gid: 184 (Client 84)
Initializing channel, gid: 185 (Client 85)
Initializing channel, gid: 186 (Client 86)
Initializing channel, gid: 187 (Client 87)
Initializing channel, gid: 192 (Client 92)
Initializing channel, gid: 193 (Client 93)
Initializing channel, gid: 194 (Client 94)
Initializing channel, gid: 195 (Client 95)
Initializing channel, gid: 188 (Client 88)
Initializing channel, gid: 189 (Client 89)
Initializing channel, gid: 190 (Client 90)
Initializing channel, gid: 191 (Client 91)
--------------------------------------------------------------------------
Primary job  terminated normally, but 1 process returned
a non-zero exit code. Per user-direction, the job has been aborted.
--------------------------------------------------------------------------
--------------------------------------------------------------------------
mpirun noticed that process rank 0 with PID 0 on node dcs155 exited on signal 11 (Segmentation fault).
--------------------------------------------------------------------------
+ rm /tmp/hosts.152497
