+ '[' x64 = x ']'
+ '[' x32 = x ']'
+ srun hostname -s
+ sort -u
+ awk '{ print $0 "-ib slots=32"; }' /tmp/hosts.152498
+ mv /tmp/tmp.152498 /tmp/hosts.152498
+ module load spectrum-mpi
++ /usr/share/lmod/lmod/libexec/lmod bash load spectrum-mpi

Due to MODULEPATH changes, the following have been reloaded:
  1) cuda/10.1

+ eval 'CUDA_PATH=/usr/local/cuda-10.1;' export 'CUDA_PATH;' '__LMOD_REF_COUNT_LD_LIBRARY_PATH=/usr/local/cuda-10.1/lib64:1\;/opt/ibm/spectrum_mpi/profilesupport/lib:1\;/opt/ibm/spectrum_mpi/lib:1\;/gpfs/u/software/ppc64le-rhel7/gcc/7.4.0/1/lib64:1\;/opt/mellanox/sharp/lib:1\;/opt/mellanox/hcoll/lib:1;' export '__LMOD_REF_COUNT_LD_LIBRARY_PATH;' 'LD_LIBRARY_PATH=/usr/local/cuda-10.1/lib64:/opt/ibm/spectrum_mpi/profilesupport/lib:/opt/ibm/spectrum_mpi/lib:/gpfs/u/software/ppc64le-rhel7/gcc/7.4.0/1/lib64:/opt/mellanox/sharp/lib:/opt/mellanox/hcoll/lib;' export 'LD_LIBRARY_PATH;' 'LMOD_FAMILY_MPI=spectrum-mpi;' export 'LMOD_FAMILY_MPI;' 'LMOD_FAMILY_MPI_VERSION=10.3;' export 'LMOD_FAMILY_MPI_VERSION;' '__LMOD_REF_COUNT_LOADEDMODULES=gcc/7.4.0/1:1\;cmake/3.14.6:1\;spectrum-mpi/10.3:1\;cuda/10.1:1;' export '__LMOD_REF_COUNT_LOADEDMODULES;' 'LOADEDMODULES=gcc/7.4.0/1:cmake/3.14.6:spectrum-mpi/10.3:cuda/10.1;' export 'LOADEDMODULES;' '__LMOD_REF_COUNT_MANPATH=/opt/ibm/spectrum_mpi/share/man:1\;/gpfs/u/software/ppc64le-rhel7/gcc/7.4.0/1/share/man:1;' export '__LMOD_REF_COUNT_MANPATH;' 'MANPATH=/opt/ibm/spectrum_mpi/share/man:/gpfs/u/software/ppc64le-rhel7/gcc/7.4.0/1/share/man;' export 'MANPATH;' '__LMOD_REF_COUNT_MODULEPATH=/gpfs/u/software/ppc64le-rhel7/modulefiles/ppc64le-rhel7/modulefiles/.spectrum-mpi/10.3/.cuda/10.1:1\;/gpfs/u/software/ppc64le-rhel7/modulefiles/.spectrum-mpi/10.3:1\;/gpfs/u/software/ppc64le-rhel7/modulefiles/.gcc/7.4.0/1:1\;/gpfs/u/software/ppc64le-rhel7/modulefiles:1;' export '__LMOD_REF_COUNT_MODULEPATH;' 'MODULEPATH=/gpfs/u/software/ppc64le-rhel7/modulefiles/ppc64le-rhel7/modulefiles/.spectrum-mpi/10.3/.cuda/10.1:/gpfs/u/software/ppc64le-rhel7/modulefiles/.spectrum-mpi/10.3:/gpfs/u/software/ppc64le-rhel7/modulefiles/.gcc/7.4.0/1:/gpfs/u/software/ppc64le-rhel7/modulefiles;' export 'MODULEPATH;' 'MPI_ROOT=/opt/ibm/spectrum_mpi;' export 'MPI_ROOT;' 'OPAL_LIBDIR=/opt/ibm/spectrum_mpi/lib;' export 'OPAL_LIBDIR;' '__LMOD_REF_COUNT_PATH=/usr/local/cuda-10.1/bin:1\;/opt/ibm/spectrum_mpi/bin:1\;/gpfs/u/software/ppc64le-rhel7/gcc/7.4.0/1/bin:1\;/usr/lpp/mmfs/bin:1\;/opt/cci/bin:1\;/usr/local/bin:1\;/usr/bin:1\;/usr/local/sbin:1\;/usr/sbin:1\;/opt/ibutils/bin:1\;/gpfs/u/home/PCP9/PCP9srsd/.local/bin:1\;/gpfs/u/home/PCP9/PCP9srsd/bin:1;' export '__LMOD_REF_COUNT_PATH;' 'PATH=/usr/local/cuda-10.1/bin:/opt/ibm/spectrum_mpi/bin:/gpfs/u/software/ppc64le-rhel7/gcc/7.4.0/1/bin:/usr/lpp/mmfs/bin:/opt/cci/bin:/usr/local/bin:/usr/bin:/usr/local/sbin:/usr/sbin:/opt/ibutils/bin:/gpfs/u/home/PCP9/PCP9srsd/.local/bin:/gpfs/u/home/PCP9/PCP9srsd/bin;' export 'PATH;' '__LMOD_REF_COUNT__LMFILES_=/gpfs/u/software/ppc64le-rhel7/modulefiles/gcc/7.4.0/1.lua:1\;/gpfs/u/software/ppc64le-rhel7/modulefiles/cmake/3.14.6.lua:1\;/gpfs/u/software/ppc64le-rhel7/modulefiles/spectrum-mpi/10.3.lua:1\;/gpfs/u/software/ppc64le-rhel7/modulefiles/.spectrum-mpi/10.3/cuda/10.1.lua:1;' export '__LMOD_REF_COUNT__LMFILES_;' '_LMFILES_=/gpfs/u/software/ppc64le-rhel7/modulefiles/gcc/7.4.0/1.lua:/gpfs/u/software/ppc64le-rhel7/modulefiles/cmake/3.14.6.lua:/gpfs/u/software/ppc64le-rhel7/modulefiles/spectrum-mpi/10.3.lua:/gpfs/u/software/ppc64le-rhel7/modulefiles/.spectrum-mpi/10.3/cuda/10.1.lua;' export '_LMFILES_;' '_ModuleTable001_=X01vZHVsZVRhYmxlXz17WyJNVHZlcnNpb24iXT0zLFsiY19yZWJ1aWxkVGltZSJdPWZhbHNlLFsiY19zaG9ydFRpbWUiXT1mYWxzZSxkZXB0aFQ9e30sZmFtaWx5PXtbImNtYWtlIl09ImNtYWtlIixbImNvbXBpbGVyIl09ImdjYyIsWyJtcGkiXT0ic3BlY3RydW0tbXBpIix9LG1UPXtjbWFrZT17WyJmbiJdPSIvZ3Bmcy91L3NvZnR3YXJlL3BwYzY0bGUtcmhlbDcvbW9kdWxlZmlsZXMvY21ha2UvMy4xNC42Lmx1YSIsWyJmdWxsTmFtZSJdPSJjbWFrZS8zLjE0LjYiLFsibG9hZE9yZGVyIl09Mixwcm9wVD17c3RhdGU9e1sic3RhYmxlIl09MSx9LH0sWyJzdGFja0RlcHRoIl09MCxbInN0YXR1cyJdPSJhY3RpdmUiLFsidXNlck5hbWUiXT0iY21ha2UiLH0sY3VkYT17WyJmbiJd;' export '_ModuleTable001_;' '_ModuleTable002_=PSIvZ3Bmcy91L3NvZnR3YXJlL3BwYzY0bGUtcmhlbDcvbW9kdWxlZmlsZXMvLnNwZWN0cnVtLW1waS8xMC4zL2N1ZGEvMTAuMS5sdWEiLFsiZnVsbE5hbWUiXT0iY3VkYS8xMC4xIixbImxvYWRPcmRlciJdPTQscHJvcFQ9e3N0YXRlPXtbInN0YWJsZSJdPTEsfSx9LFsic3RhY2tEZXB0aCJdPTAsWyJzdGF0dXMiXT0iYWN0aXZlIixbInVzZXJOYW1lIl09ImN1ZGEiLH0sZ2NjPXtbImZuIl09Ii9ncGZzL3Uvc29mdHdhcmUvcHBjNjRsZS1yaGVsNy9tb2R1bGVmaWxlcy9nY2MvNy40LjAvMS5sdWEiLFsiZnVsbE5hbWUiXT0iZ2NjLzcuNC4wLzEiLFsibG9hZE9yZGVyIl09MSxwcm9wVD17fSxbInN0YWNrRGVwdGgiXT0wLFsic3RhdHVzIl09ImFjdGl2ZSIsWyJ1c2VyTmFtZSJd;' export '_ModuleTable002_;' '_ModuleTable003_=PSJnY2MvNy40LjAvMSIsfSxbInNwZWN0cnVtLW1waSJdPXtbImZuIl09Ii9ncGZzL3Uvc29mdHdhcmUvcHBjNjRsZS1yaGVsNy9tb2R1bGVmaWxlcy9zcGVjdHJ1bS1tcGkvMTAuMy5sdWEiLFsiZnVsbE5hbWUiXT0ic3BlY3RydW0tbXBpLzEwLjMiLFsibG9hZE9yZGVyIl09Myxwcm9wVD17c3RhdGU9e1sidGVzdGluZyJdPTEsfSx9LFsic3RhY2tEZXB0aCJdPTAsWyJzdGF0dXMiXT0iYWN0aXZlIixbInVzZXJOYW1lIl09InNwZWN0cnVtLW1waSIsfSx9LG1wYXRoQT17Ii9ncGZzL3Uvc29mdHdhcmUvcHBjNjRsZS1yaGVsNy9tb2R1bGVmaWxlcy9wcGM2NGxlLXJoZWw3L21vZHVsZWZpbGVzLy5zcGVjdHJ1bS1tcGkvMTAuMy8uY3VkYS8xMC4xIiwiL2dwZnMvdS9zb2Z0d2Fy;' export '_ModuleTable003_;' '_ModuleTable004_=ZS9wcGM2NGxlLXJoZWw3L21vZHVsZWZpbGVzLy5zcGVjdHJ1bS1tcGkvMTAuMyIsIi9ncGZzL3Uvc29mdHdhcmUvcHBjNjRsZS1yaGVsNy9tb2R1bGVmaWxlcy8uZ2NjLzcuNC4wLzEiLCIvZ3Bmcy91L3NvZnR3YXJlL3BwYzY0bGUtcmhlbDcvbW9kdWxlZmlsZXMiLH0sWyJzeXN0ZW1CYXNlTVBBVEgiXT0iL2dwZnMvdS9zb2Z0d2FyZS9wcGM2NGxlLXJoZWw3L21vZHVsZWZpbGVzIix9;' export '_ModuleTable004_;' '_ModuleTable_Sz_=4;' export '_ModuleTable_Sz_;'
++ CUDA_PATH=/usr/local/cuda-10.1
++ export CUDA_PATH
++ __LMOD_REF_COUNT_LD_LIBRARY_PATH='/usr/local/cuda-10.1/lib64:1;/opt/ibm/spectrum_mpi/profilesupport/lib:1;/opt/ibm/spectrum_mpi/lib:1;/gpfs/u/software/ppc64le-rhel7/gcc/7.4.0/1/lib64:1;/opt/mellanox/sharp/lib:1;/opt/mellanox/hcoll/lib:1'
++ export __LMOD_REF_COUNT_LD_LIBRARY_PATH
++ LD_LIBRARY_PATH=/usr/local/cuda-10.1/lib64:/opt/ibm/spectrum_mpi/profilesupport/lib:/opt/ibm/spectrum_mpi/lib:/gpfs/u/software/ppc64le-rhel7/gcc/7.4.0/1/lib64:/opt/mellanox/sharp/lib:/opt/mellanox/hcoll/lib
++ export LD_LIBRARY_PATH
++ LMOD_FAMILY_MPI=spectrum-mpi
++ export LMOD_FAMILY_MPI
++ LMOD_FAMILY_MPI_VERSION=10.3
++ export LMOD_FAMILY_MPI_VERSION
++ __LMOD_REF_COUNT_LOADEDMODULES='gcc/7.4.0/1:1;cmake/3.14.6:1;spectrum-mpi/10.3:1;cuda/10.1:1'
++ export __LMOD_REF_COUNT_LOADEDMODULES
++ LOADEDMODULES=gcc/7.4.0/1:cmake/3.14.6:spectrum-mpi/10.3:cuda/10.1
++ export LOADEDMODULES
++ __LMOD_REF_COUNT_MANPATH='/opt/ibm/spectrum_mpi/share/man:1;/gpfs/u/software/ppc64le-rhel7/gcc/7.4.0/1/share/man:1'
++ export __LMOD_REF_COUNT_MANPATH
++ MANPATH=/opt/ibm/spectrum_mpi/share/man:/gpfs/u/software/ppc64le-rhel7/gcc/7.4.0/1/share/man
++ export MANPATH
++ __LMOD_REF_COUNT_MODULEPATH='/gpfs/u/software/ppc64le-rhel7/modulefiles/ppc64le-rhel7/modulefiles/.spectrum-mpi/10.3/.cuda/10.1:1;/gpfs/u/software/ppc64le-rhel7/modulefiles/.spectrum-mpi/10.3:1;/gpfs/u/software/ppc64le-rhel7/modulefiles/.gcc/7.4.0/1:1;/gpfs/u/software/ppc64le-rhel7/modulefiles:1'
++ export __LMOD_REF_COUNT_MODULEPATH
++ MODULEPATH=/gpfs/u/software/ppc64le-rhel7/modulefiles/ppc64le-rhel7/modulefiles/.spectrum-mpi/10.3/.cuda/10.1:/gpfs/u/software/ppc64le-rhel7/modulefiles/.spectrum-mpi/10.3:/gpfs/u/software/ppc64le-rhel7/modulefiles/.gcc/7.4.0/1:/gpfs/u/software/ppc64le-rhel7/modulefiles
++ export MODULEPATH
++ MPI_ROOT=/opt/ibm/spectrum_mpi
++ export MPI_ROOT
++ OPAL_LIBDIR=/opt/ibm/spectrum_mpi/lib
++ export OPAL_LIBDIR
++ __LMOD_REF_COUNT_PATH='/usr/local/cuda-10.1/bin:1;/opt/ibm/spectrum_mpi/bin:1;/gpfs/u/software/ppc64le-rhel7/gcc/7.4.0/1/bin:1;/usr/lpp/mmfs/bin:1;/opt/cci/bin:1;/usr/local/bin:1;/usr/bin:1;/usr/local/sbin:1;/usr/sbin:1;/opt/ibutils/bin:1;/gpfs/u/home/PCP9/PCP9srsd/.local/bin:1;/gpfs/u/home/PCP9/PCP9srsd/bin:1'
++ export __LMOD_REF_COUNT_PATH
++ PATH=/usr/local/cuda-10.1/bin:/opt/ibm/spectrum_mpi/bin:/gpfs/u/software/ppc64le-rhel7/gcc/7.4.0/1/bin:/usr/lpp/mmfs/bin:/opt/cci/bin:/usr/local/bin:/usr/bin:/usr/local/sbin:/usr/sbin:/opt/ibutils/bin:/gpfs/u/home/PCP9/PCP9srsd/.local/bin:/gpfs/u/home/PCP9/PCP9srsd/bin
++ export PATH
++ __LMOD_REF_COUNT__LMFILES_='/gpfs/u/software/ppc64le-rhel7/modulefiles/gcc/7.4.0/1.lua:1;/gpfs/u/software/ppc64le-rhel7/modulefiles/cmake/3.14.6.lua:1;/gpfs/u/software/ppc64le-rhel7/modulefiles/spectrum-mpi/10.3.lua:1;/gpfs/u/software/ppc64le-rhel7/modulefiles/.spectrum-mpi/10.3/cuda/10.1.lua:1'
++ export __LMOD_REF_COUNT__LMFILES_
++ _LMFILES_=/gpfs/u/software/ppc64le-rhel7/modulefiles/gcc/7.4.0/1.lua:/gpfs/u/software/ppc64le-rhel7/modulefiles/cmake/3.14.6.lua:/gpfs/u/software/ppc64le-rhel7/modulefiles/spectrum-mpi/10.3.lua:/gpfs/u/software/ppc64le-rhel7/modulefiles/.spectrum-mpi/10.3/cuda/10.1.lua
++ export _LMFILES_
++ _ModuleTable001_=X01vZHVsZVRhYmxlXz17WyJNVHZlcnNpb24iXT0zLFsiY19yZWJ1aWxkVGltZSJdPWZhbHNlLFsiY19zaG9ydFRpbWUiXT1mYWxzZSxkZXB0aFQ9e30sZmFtaWx5PXtbImNtYWtlIl09ImNtYWtlIixbImNvbXBpbGVyIl09ImdjYyIsWyJtcGkiXT0ic3BlY3RydW0tbXBpIix9LG1UPXtjbWFrZT17WyJmbiJdPSIvZ3Bmcy91L3NvZnR3YXJlL3BwYzY0bGUtcmhlbDcvbW9kdWxlZmlsZXMvY21ha2UvMy4xNC42Lmx1YSIsWyJmdWxsTmFtZSJdPSJjbWFrZS8zLjE0LjYiLFsibG9hZE9yZGVyIl09Mixwcm9wVD17c3RhdGU9e1sic3RhYmxlIl09MSx9LH0sWyJzdGFja0RlcHRoIl09MCxbInN0YXR1cyJdPSJhY3RpdmUiLFsidXNlck5hbWUiXT0iY21ha2UiLH0sY3VkYT17WyJmbiJd
++ export _ModuleTable001_
++ _ModuleTable002_=PSIvZ3Bmcy91L3NvZnR3YXJlL3BwYzY0bGUtcmhlbDcvbW9kdWxlZmlsZXMvLnNwZWN0cnVtLW1waS8xMC4zL2N1ZGEvMTAuMS5sdWEiLFsiZnVsbE5hbWUiXT0iY3VkYS8xMC4xIixbImxvYWRPcmRlciJdPTQscHJvcFQ9e3N0YXRlPXtbInN0YWJsZSJdPTEsfSx9LFsic3RhY2tEZXB0aCJdPTAsWyJzdGF0dXMiXT0iYWN0aXZlIixbInVzZXJOYW1lIl09ImN1ZGEiLH0sZ2NjPXtbImZuIl09Ii9ncGZzL3Uvc29mdHdhcmUvcHBjNjRsZS1yaGVsNy9tb2R1bGVmaWxlcy9nY2MvNy40LjAvMS5sdWEiLFsiZnVsbE5hbWUiXT0iZ2NjLzcuNC4wLzEiLFsibG9hZE9yZGVyIl09MSxwcm9wVD17fSxbInN0YWNrRGVwdGgiXT0wLFsic3RhdHVzIl09ImFjdGl2ZSIsWyJ1c2VyTmFtZSJd
++ export _ModuleTable002_
++ _ModuleTable003_=PSJnY2MvNy40LjAvMSIsfSxbInNwZWN0cnVtLW1waSJdPXtbImZuIl09Ii9ncGZzL3Uvc29mdHdhcmUvcHBjNjRsZS1yaGVsNy9tb2R1bGVmaWxlcy9zcGVjdHJ1bS1tcGkvMTAuMy5sdWEiLFsiZnVsbE5hbWUiXT0ic3BlY3RydW0tbXBpLzEwLjMiLFsibG9hZE9yZGVyIl09Myxwcm9wVD17c3RhdGU9e1sidGVzdGluZyJdPTEsfSx9LFsic3RhY2tEZXB0aCJdPTAsWyJzdGF0dXMiXT0iYWN0aXZlIixbInVzZXJOYW1lIl09InNwZWN0cnVtLW1waSIsfSx9LG1wYXRoQT17Ii9ncGZzL3Uvc29mdHdhcmUvcHBjNjRsZS1yaGVsNy9tb2R1bGVmaWxlcy9wcGM2NGxlLXJoZWw3L21vZHVsZWZpbGVzLy5zcGVjdHJ1bS1tcGkvMTAuMy8uY3VkYS8xMC4xIiwiL2dwZnMvdS9zb2Z0d2Fy
++ export _ModuleTable003_
++ _ModuleTable004_=ZS9wcGM2NGxlLXJoZWw3L21vZHVsZWZpbGVzLy5zcGVjdHJ1bS1tcGkvMTAuMyIsIi9ncGZzL3Uvc29mdHdhcmUvcHBjNjRsZS1yaGVsNy9tb2R1bGVmaWxlcy8uZ2NjLzcuNC4wLzEiLCIvZ3Bmcy91L3NvZnR3YXJlL3BwYzY0bGUtcmhlbDcvbW9kdWxlZmlsZXMiLH0sWyJzeXN0ZW1CYXNlTVBBVEgiXT0iL2dwZnMvdS9zb2Z0d2FyZS9wcGM2NGxlLXJoZWw3L21vZHVsZWZpbGVzIix9
++ export _ModuleTable004_
++ _ModuleTable_Sz_=4
++ export _ModuleTable_Sz_
++ : -s sh
+ eval
+ mpirun --bind-to core --report-bindings -hostfile /tmp/hosts.152498 -np 64 /gpfs/u/home/PCP9/PCP9srsd/barn/Final/ROSS/build_cpu/models/mobile-grid-ross/mobile_grid --event-trace=1 --synch=2 --scheduling_algorithm=2 --num_aggregators=3 --num_selectors=1 --num_clients_per_selector=200 --num_tasks=100 --task_size=100 --stats-path=./PhoneStrong_ScalingRCTA/200Clients/ --end=600000 --mean_dur=120000 --prop_start=.05
[dcs158.ccni.rpi.edu:23473] MCW rank 32 bound to socket 0[core 0[hwt 0-3]]: [BBBB/..../..../..../..../..../..../..../..../..../..../..../..../..../..../..../..../..../..../....][..../..../..../..../..../..../..../..../..../..../..../..../..../..../..../..../..../..../..../....]
[dcs158.ccni.rpi.edu:23473] MCW rank 33 bound to socket 1[core 20[hwt 0-3]]: [..../..../..../..../..../..../..../..../..../..../..../..../..../..../..../..../..../..../..../....][BBBB/..../..../..../..../..../..../..../..../..../..../..../..../..../..../..../..../..../..../....]
[dcs158.ccni.rpi.edu:23473] MCW rank 34 bound to socket 0[core 1[hwt 0-3]]: [..../BBBB/..../..../..../..../..../..../..../..../..../..../..../..../..../..../..../..../..../....][..../..../..../..../..../..../..../..../..../..../..../..../..../..../..../..../..../..../..../....]
[dcs158.ccni.rpi.edu:23473] MCW rank 35 bound to socket 1[core 21[hwt 0-3]]: [..../..../..../..../..../..../..../..../..../..../..../..../..../..../..../..../..../..../..../....][..../BBBB/..../..../..../..../..../..../..../..../..../..../..../..../..../..../..../..../..../....]
[dcs157.ccni.rpi.edu:128109] MCW rank 0 bound to socket 0[core 0[hwt 0-3]]: [BBBB/..../..../..../..../..../..../..../..../..../..../..../..../..../..../..../..../..../..../....][..../..../..../..../..../..../..../..../..../..../..../..../..../..../..../..../..../..../..../....]
[dcs157.ccni.rpi.edu:128109] MCW rank 1 bound to socket 1[core 20[hwt 0-3]]: [..../..../..../..../..../..../..../..../..../..../..../..../..../..../..../..../..../..../..../....][BBBB/..../..../..../..../..../..../..../..../..../..../..../..../..../..../..../..../..../..../....]
[dcs157.ccni.rpi.edu:128109] MCW rank 2 bound to socket 0[core 1[hwt 0-3]]: [..../BBBB/..../..../..../..../..../..../..../..../..../..../..../..../..../..../..../..../..../....][..../..../..../..../..../..../..../..../..../..../..../..../..../..../..../..../..../..../..../....]
[dcs157.ccni.rpi.edu:128109] MCW rank 3 bound to socket 1[core 21[hwt 0-3]]: [..../..../..../..../..../..../..../..../..../..../..../..../..../..../..../..../..../..../..../....][..../BBBB/..../..../..../..../..../..../..../..../..../..../..../..../..../..../..../..../..../....]
[dcs157.ccni.rpi.edu:128109] MCW rank 6 bound to socket 0[core 3[hwt 0-3]]: [..../..../..../BBBB/..../..../..../..../..../..../..../..../..../..../..../..../..../..../..../....][..../..../..../..../..../..../..../..../..../..../..../..../..../..../..../..../..../..../..../....]
[dcs157.ccni.rpi.edu:128109] MCW rank 4 bound to socket 0[core 2[hwt 0-3]]: [..../..../BBBB/..../..../..../..../..../..../..../..../..../..../..../..../..../..../..../..../....][..../..../..../..../..../..../..../..../..../..../..../..../..../..../..../..../..../..../..../....]
[dcs157.ccni.rpi.edu:128109] MCW rank 5 bound to socket 1[core 22[hwt 0-3]]: [..../..../..../..../..../..../..../..../..../..../..../..../..../..../..../..../..../..../..../....][..../..../BBBB/..../..../..../..../..../..../..../..../..../..../..../..../..../..../..../..../....]
[dcs158.ccni.rpi.edu:23473] MCW rank 39 bound to socket 1[core 23[hwt 0-3]]: [..../..../..../..../..../..../..../..../..../..../..../..../..../..../..../..../..../..../..../....][..../..../..../BBBB/..../..../..../..../..../..../..../..../..../..../..../..../..../..../..../....]
[dcs158.ccni.rpi.edu:23473] MCW rank 37 bound to socket 1[core 22[hwt 0-3]]: [..../..../..../..../..../..../..../..../..../..../..../..../..../..../..../..../..../..../..../....][..../..../BBBB/..../..../..../..../..../..../..../..../..../..../..../..../..../..../..../..../....]
[dcs158.ccni.rpi.edu:23473] MCW rank 38 bound to socket 0[core 3[hwt 0-3]]: [..../..../..../BBBB/..../..../..../..../..../..../..../..../..../..../..../..../..../..../..../....][..../..../..../..../..../..../..../..../..../..../..../..../..../..../..../..../..../..../..../....]
[dcs158.ccni.rpi.edu:23473] MCW rank 36 bound to socket 0[core 2[hwt 0-3]]: [..../..../BBBB/..../..../..../..../..../..../..../..../..../..../..../..../..../..../..../..../....][..../..../..../..../..../..../..../..../..../..../..../..../..../..../..../..../..../..../..../....]
[dcs157.ccni.rpi.edu:128109] MCW rank 7 bound to socket 1[core 23[hwt 0-3]]: [..../..../..../..../..../..../..../..../..../..../..../..../..../..../..../..../..../..../..../....][..../..../..../BBBB/..../..../..../..../..../..../..../..../..../..../..../..../..../..../..../....]
[dcs157.ccni.rpi.edu:128109] MCW rank 10 bound to socket 0[core 5[hwt 0-3]]: [..../..../..../..../..../BBBB/..../..../..../..../..../..../..../..../..../..../..../..../..../....][..../..../..../..../..../..../..../..../..../..../..../..../..../..../..../..../..../..../..../....]
[dcs158.ccni.rpi.edu:23473] MCW rank 43 bound to socket 1[core 25[hwt 0-3]]: [..../..../..../..../..../..../..../..../..../..../..../..../..../..../..../..../..../..../..../....][..../..../..../..../..../BBBB/..../..../..../..../..../..../..../..../..../..../..../..../..../....]
[dcs157.ccni.rpi.edu:128109] MCW rank 8 bound to socket 0[core 4[hwt 0-3]]: [..../..../..../..../BBBB/..../..../..../..../..../..../..../..../..../..../..../..../..../..../....][..../..../..../..../..../..../..../..../..../..../..../..../..../..../..../..../..../..../..../....]
[dcs157.ccni.rpi.edu:128109] MCW rank 9 bound to socket 1[core 24[hwt 0-3]]: [..../..../..../..../..../..../..../..../..../..../..../..../..../..../..../..../..../..../..../....][..../..../..../..../BBBB/..../..../..../..../..../..../..../..../..../..../..../..../..../..../....]
[dcs158.ccni.rpi.edu:23473] MCW rank 41 bound to socket 1[core 24[hwt 0-3]]: [..../..../..../..../..../..../..../..../..../..../..../..../..../..../..../..../..../..../..../....][..../..../..../..../BBBB/..../..../..../..../..../..../..../..../..../..../..../..../..../..../....]
[dcs158.ccni.rpi.edu:23473] MCW rank 42 bound to socket 0[core 5[hwt 0-3]]: [..../..../..../..../..../BBBB/..../..../..../..../..../..../..../..../..../..../..../..../..../....][..../..../..../..../..../..../..../..../..../..../..../..../..../..../..../..../..../..../..../....]
[dcs158.ccni.rpi.edu:23473] MCW rank 40 bound to socket 0[core 4[hwt 0-3]]: [..../..../..../..../BBBB/..../..../..../..../..../..../..../..../..../..../..../..../..../..../....][..../..../..../..../..../..../..../..../..../..../..../..../..../..../..../..../..../..../..../....]
[dcs157.ccni.rpi.edu:128109] MCW rank 11 bound to socket 1[core 25[hwt 0-3]]: [..../..../..../..../..../..../..../..../..../..../..../..../..../..../..../..../..../..../..../....][..../..../..../..../..../BBBB/..../..../..../..../..../..../..../..../..../..../..../..../..../....]
[dcs157.ccni.rpi.edu:128109] MCW rank 14 bound to socket 0[core 7[hwt 0-3]]: [..../..../..../..../..../..../..../BBBB/..../..../..../..../..../..../..../..../..../..../..../....][..../..../..../..../..../..../..../..../..../..../..../..../..../..../..../..../..../..../..../....]
[dcs158.ccni.rpi.edu:23473] MCW rank 47 bound to socket 1[core 27[hwt 0-3]]: [..../..../..../..../..../..../..../..../..../..../..../..../..../..../..../..../..../..../..../....][..../..../..../..../..../..../..../BBBB/..../..../..../..../..../..../..../..../..../..../..../....]
[dcs157.ccni.rpi.edu:128109] MCW rank 12 bound to socket 0[core 6[hwt 0-3]]: [..../..../..../..../..../..../BBBB/..../..../..../..../..../..../..../..../..../..../..../..../....][..../..../..../..../..../..../..../..../..../..../..../..../..../..../..../..../..../..../..../....]
[dcs158.ccni.rpi.edu:23473] MCW rank 45 bound to socket 1[core 26[hwt 0-3]]: [..../..../..../..../..../..../..../..../..../..../..../..../..../..../..../..../..../..../..../....][..../..../..../..../..../..../BBBB/..../..../..../..../..../..../..../..../..../..../..../..../....]
[dcs158.ccni.rpi.edu:23473] MCW rank 46 bound to socket 0[core 7[hwt 0-3]]: [..../..../..../..../..../..../..../BBBB/..../..../..../..../..../..../..../..../..../..../..../....][..../..../..../..../..../..../..../..../..../..../..../..../..../..../..../..../..../..../..../....]
[dcs157.ccni.rpi.edu:128109] MCW rank 13 bound to socket 1[core 26[hwt 0-3]]: [..../..../..../..../..../..../..../..../..../..../..../..../..../..../..../..../..../..../..../....][..../..../..../..../..../..../BBBB/..../..../..../..../..../..../..../..../..../..../..../..../....]
[dcs157.ccni.rpi.edu:128109] MCW rank 18 bound to socket 0[core 9[hwt 0-3]]: [..../..../..../..../..../..../..../..../..../BBBB/..../..../..../..../..../..../..../..../..../....][..../..../..../..../..../..../..../..../..../..../..../..../..../..../..../..../..../..../..../....]
[dcs158.ccni.rpi.edu:23473] MCW rank 44 bound to socket 0[core 6[hwt 0-3]]: [..../..../..../..../..../..../BBBB/..../..../..../..../..../..../..../..../..../..../..../..../....][..../..../..../..../..../..../..../..../..../..../..../..../..../..../..../..../..../..../..../....]
[dcs157.ccni.rpi.edu:128109] MCW rank 15 bound to socket 1[core 27[hwt 0-3]]: [..../..../..../..../..../..../..../..../..../..../..../..../..../..../..../..../..../..../..../....][..../..../..../..../..../..../..../BBBB/..../..../..../..../..../..../..../..../..../..../..../....]
[dcs158.ccni.rpi.edu:23473] MCW rank 51 bound to socket 1[core 29[hwt 0-3]]: [..../..../..../..../..../..../..../..../..../..../..../..../..../..../..../..../..../..../..../....][..../..../..../..../..../..../..../..../..../BBBB/..../..../..../..../..../..../..../..../..../....]
[dcs158.ccni.rpi.edu:23473] MCW rank 49 bound to socket 1[core 28[hwt 0-3]]: [..../..../..../..../..../..../..../..../..../..../..../..../..../..../..../..../..../..../..../....][..../..../..../..../..../..../..../..../BBBB/..../..../..../..../..../..../..../..../..../..../....]
[dcs157.ccni.rpi.edu:128109] MCW rank 16 bound to socket 0[core 8[hwt 0-3]]: [..../..../..../..../..../..../..../..../BBBB/..../..../..../..../..../..../..../..../..../..../....][..../..../..../..../..../..../..../..../..../..../..../..../..../..../..../..../..../..../..../....]
[dcs158.ccni.rpi.edu:23473] MCW rank 50 bound to socket 0[core 9[hwt 0-3]]: [..../..../..../..../..../..../..../..../..../BBBB/..../..../..../..../..../..../..../..../..../....][..../..../..../..../..../..../..../..../..../..../..../..../..../..../..../..../..../..../..../....]
[dcs157.ccni.rpi.edu:128109] MCW rank 17 bound to socket 1[core 28[hwt 0-3]]: [..../..../..../..../..../..../..../..../..../..../..../..../..../..../..../..../..../..../..../....][..../..../..../..../..../..../..../..../BBBB/..../..../..../..../..../..../..../..../..../..../....]
[dcs157.ccni.rpi.edu:128109] MCW rank 22 bound to socket 0[core 11[hwt 0-3]]: [..../..../..../..../..../..../..../..../..../..../..../BBBB/..../..../..../..../..../..../..../....][..../..../..../..../..../..../..../..../..../..../..../..../..../..../..../..../..../..../..../....]
[dcs158.ccni.rpi.edu:23473] MCW rank 48 bound to socket 0[core 8[hwt 0-3]]: [..../..../..../..../..../..../..../..../BBBB/..../..../..../..../..../..../..../..../..../..../....][..../..../..../..../..../..../..../..../..../..../..../..../..../..../..../..../..../..../..../....]
[dcs158.ccni.rpi.edu:23473] MCW rank 55 bound to socket 1[core 31[hwt 0-3]]: [..../..../..../..../..../..../..../..../..../..../..../..../..../..../..../..../..../..../..../....][..../..../..../..../..../..../..../..../..../..../..../BBBB/..../..../..../..../..../..../..../....]
[dcs158.ccni.rpi.edu:23473] MCW rank 53 bound to socket 1[core 30[hwt 0-3]]: [..../..../..../..../..../..../..../..../..../..../..../..../..../..../..../..../..../..../..../....][..../..../..../..../..../..../..../..../..../..../BBBB/..../..../..../..../..../..../..../..../....]
[dcs157.ccni.rpi.edu:128109] MCW rank 20 bound to socket 0[core 10[hwt 0-3]]: [..../..../..../..../..../..../..../..../..../..../BBBB/..../..../..../..../..../..../..../..../....][..../..../..../..../..../..../..../..../..../..../..../..../..../..../..../..../..../..../..../....]
[dcs158.ccni.rpi.edu:23473] MCW rank 54 bound to socket 0[core 11[hwt 0-3]]: [..../..../..../..../..../..../..../..../..../..../..../BBBB/..../..../..../..../..../..../..../....][..../..../..../..../..../..../..../..../..../..../..../..../..../..../..../..../..../..../..../....]
[dcs157.ccni.rpi.edu:128109] MCW rank 19 bound to socket 1[core 29[hwt 0-3]]: [..../..../..../..../..../..../..../..../..../..../..../..../..../..../..../..../..../..../..../....][..../..../..../..../..../..../..../..../..../BBBB/..../..../..../..../..../..../..../..../..../....]
[dcs157.ccni.rpi.edu:128109] MCW rank 21 bound to socket 1[core 30[hwt 0-3]]: [..../..../..../..../..../..../..../..../..../..../..../..../..../..../..../..../..../..../..../....][..../..../..../..../..../..../..../..../..../..../BBBB/..../..../..../..../..../..../..../..../....]
[dcs158.ccni.rpi.edu:23473] MCW rank 52 bound to socket 0[core 10[hwt 0-3]]: [..../..../..../..../..../..../..../..../..../..../BBBB/..../..../..../..../..../..../..../..../....][..../..../..../..../..../..../..../..../..../..../..../..../..../..../..../..../..../..../..../....]
[dcs158.ccni.rpi.edu:23473] MCW rank 57 bound to socket 1[core 32[hwt 0-3]]: [..../..../..../..../..../..../..../..../..../..../..../..../..../..../..../..../..../..../..../....][..../..../..../..../..../..../..../..../..../..../..../..../BBBB/..../..../..../..../..../..../....]
[dcs157.ccni.rpi.edu:128109] MCW rank 26 bound to socket 0[core 13[hwt 0-3]]: [..../..../..../..../..../..../..../..../..../..../..../..../..../BBBB/..../..../..../..../..../....][..../..../..../..../..../..../..../..../..../..../..../..../..../..../..../..../..../..../..../....]
[dcs158.ccni.rpi.edu:23473] MCW rank 59 bound to socket 1[core 33[hwt 0-3]]: [..../..../..../..../..../..../..../..../..../..../..../..../..../..../..../..../..../..../..../....][..../..../..../..../..../..../..../..../..../..../..../..../..../BBBB/..../..../..../..../..../....]
[dcs157.ccni.rpi.edu:128109] MCW rank 24 bound to socket 0[core 12[hwt 0-3]]: [..../..../..../..../..../..../..../..../..../..../..../..../BBBB/..../..../..../..../..../..../....][..../..../..../..../..../..../..../..../..../..../..../..../..../..../..../..../..../..../..../....]
[dcs157.ccni.rpi.edu:128109] MCW rank 25 bound to socket 1[core 32[hwt 0-3]]: [..../..../..../..../..../..../..../..../..../..../..../..../..../..../..../..../..../..../..../....][..../..../..../..../..../..../..../..../..../..../..../..../BBBB/..../..../..../..../..../..../....]
[dcs157.ccni.rpi.edu:128109] MCW rank 23 bound to socket 1[core 31[hwt 0-3]]: [..../..../..../..../..../..../..../..../..../..../..../..../..../..../..../..../..../..../..../....][..../..../..../..../..../..../..../..../..../..../..../BBBB/..../..../..../..../..../..../..../....]
[dcs158.ccni.rpi.edu:23473] MCW rank 58 bound to socket 0[core 13[hwt 0-3]]: [..../..../..../..../..../..../..../..../..../..../..../..../..../BBBB/..../..../..../..../..../....][..../..../..../..../..../..../..../..../..../..../..../..../..../..../..../..../..../..../..../....]
[dcs158.ccni.rpi.edu:23473] MCW rank 56 bound to socket 0[core 12[hwt 0-3]]: [..../..../..../..../..../..../..../..../..../..../..../..../BBBB/..../..../..../..../..../..../....][..../..../..../..../..../..../..../..../..../..../..../..../..../..../..../..../..../..../..../....]
[dcs157.ccni.rpi.edu:128109] MCW rank 30 bound to socket 0[core 15[hwt 0-3]]: [..../..../..../..../..../..../..../..../..../..../..../..../..../..../..../BBBB/..../..../..../....][..../..../..../..../..../..../..../..../..../..../..../..../..../..../..../..../..../..../..../....]
[dcs158.ccni.rpi.edu:23473] MCW rank 61 bound to socket 1[core 34[hwt 0-3]]: [..../..../..../..../..../..../..../..../..../..../..../..../..../..../..../..../..../..../..../....][..../..../..../..../..../..../..../..../..../..../..../..../..../..../BBBB/..../..../..../..../....]
[dcs157.ccni.rpi.edu:128109] MCW rank 28 bound to socket 0[core 14[hwt 0-3]]: [..../..../..../..../..../..../..../..../..../..../..../..../..../..../BBBB/..../..../..../..../....][..../..../..../..../..../..../..../..../..../..../..../..../..../..../..../..../..../..../..../....]
[dcs158.ccni.rpi.edu:23473] MCW rank 63 bound to socket 1[core 35[hwt 0-3]]: [..../..../..../..../..../..../..../..../..../..../..../..../..../..../..../..../..../..../..../....][..../..../..../..../..../..../..../..../..../..../..../..../..../..../..../BBBB/..../..../..../....]
[dcs157.ccni.rpi.edu:128109] MCW rank 29 bound to socket 1[core 34[hwt 0-3]]: [..../..../..../..../..../..../..../..../..../..../..../..../..../..../..../..../..../..../..../....][..../..../..../..../..../..../..../..../..../..../..../..../..../..../BBBB/..../..../..../..../....]
[dcs158.ccni.rpi.edu:23473] MCW rank 62 bound to socket 0[core 15[hwt 0-3]]: [..../..../..../..../..../..../..../..../..../..../..../..../..../..../..../BBBB/..../..../..../....][..../..../..../..../..../..../..../..../..../..../..../..../..../..../..../..../..../..../..../....]
[dcs158.ccni.rpi.edu:23473] MCW rank 60 bound to socket 0[core 14[hwt 0-3]]: [..../..../..../..../..../..../..../..../..../..../..../..../..../..../BBBB/..../..../..../..../....][..../..../..../..../..../..../..../..../..../..../..../..../..../..../..../..../..../..../..../....]
[dcs157.ccni.rpi.edu:128109] MCW rank 27 bound to socket 1[core 33[hwt 0-3]]: [..../..../..../..../..../..../..../..../..../..../..../..../..../..../..../..../..../..../..../....][..../..../..../..../..../..../..../..../..../..../..../..../..../BBBB/..../..../..../..../..../....]
[dcs157.ccni.rpi.edu:128109] MCW rank 31 bound to socket 1[core 35[hwt 0-3]]: [..../..../..../..../..../..../..../..../..../..../..../..../..../..../..../..../..../..../..../....][..../..../..../..../..../..../..../..../..../..../..../..../..../..../..../BBBB/..../..../..../....]
/gpfs/u/home/PCP9/PCP9srsd/barn/Final/ROSS/build_cpu/models/mobile-grid-ross/mobile_grid --event-trace=1 --synch=2 --scheduling_algorithm=2 --num_aggregators=3 --num_selectors=1 --num_clients_per_selector=200 --num_tasks=100 --task_size=100 --stats-path=./PhoneStrong_ScalingRCTA/200Clients/ --end=600000 --mean_dur=120000 --prop_start=.05 

Mon May  4 04:37:44 2020

ROSS Version: HEAD-HASH-NOTFOUND

100
g_num_total_lps: 406, num_lps_per_pe: 7
100
g_num_total_lps: 406, num_lps_per_pe: 7
100
g_num_total_lps: 406, num_lps_per_pe: 7
100
g_num_total_lps: 406, num_lps_per_pe: 7
100
g_num_total_lps: 406, num_lps_per_pe: 7
100
g_num_total_lps: 406, num_lps_per_pe: 7
100
100
g_num_total_lps: 406, num_lps_per_pe: 7
100
g_num_total_lps: 406, num_lps_per_pe: 7
100
g_num_total_lps: 406, num_lps_per_pe: 7
100
g_num_total_lps: 406, num_lps_per_pe: 7
100
g_num_total_lps: 406, num_lps_per_pe: 7
100
g_num_total_lps: 406, num_lps_per_pe: 7
100
g_num_total_lps: 406, num_lps_per_pe: 7
100
g_num_total_lps: 406, num_lps_per_pe: 7
100
g_num_total_lps: 406, num_lps_per_pe: 7
100
g_num_total_lps: 406, num_lps_per_pe: 7
100
g_num_total_lps: 406, num_lps_per_pe: 7
100
g_num_total_lps: 406, num_lps_per_pe: 7
100
g_num_total_lps: 406, num_lps_per_pe: 7
100
g_num_total_lps: 406, num_lps_per_pe: 7
100
g_num_total_lps: 406, num_lps_per_pe: 7
100
g_num_total_lps: 406, num_lps_per_pe: 7
100
g_num_total_lps: 406, num_lps_per_pe: 7
100
g_num_total_lps: 406, num_lps_per_pe: 7
100
g_num_total_lps: 406, num_lps_per_pe: 7
100
g_num_total_lps: 406, num_lps_per_pe: 7
g_num_total_lps: 406, num_lps_per_pe: 7
100
g_num_total_lps: 406, num_lps_per_pe: 7
100
g_num_total_lps: 406, num_lps_per_pe: 7
100
g_num_total_lps: 406, num_lps_per_pe: 7
100
g_num_total_lps: 406, num_lps_per_pe: 7
100
g_num_total_lps: 406, num_lps_per_pe: 7
100
g_num_total_lps: 406, num_lps_per_pe: 7
100
g_num_total_lps: 406, num_lps_per_pe: 7
100
g_num_total_lps: 406, num_lps_per_pe: 7
100
g_num_total_lps: 406, num_lps_per_pe: 7
100
g_num_total_lps: 406, num_lps_per_pe: 7
100
g_num_total_lps: 406, num_lps_per_pe: 7
100
g_num_total_lps: 406, num_lps_per_pe: 7
100
g_num_total_lps: 406, num_lps_per_pe: 7
100
g_num_total_lps: 406, num_lps_per_pe: 7
100
g_num_total_lps: 406, num_lps_per_pe: 7
100
g_num_total_lps: 406, num_lps_per_pe: 7
100
g_num_total_lps: 406, num_lps_per_pe: 7
100
g_num_total_lps: 406, num_lps_per_pe: 7
100
g_num_total_lps: 406, num_lps_per_pe: 7
100
g_num_total_lps: 406, num_lps_per_pe: 7
100
g_num_total_lps: 406, num_lps_per_pe: 7
100
g_num_total_lps: 406, num_lps_per_pe: 7
100
g_num_total_lps: 406, num_lps_per_pe: 7
100
g_num_total_lps: 406, num_lps_per_pe: 7
100
g_num_total_lps: 406, num_lps_per_pe: 7
100
g_num_total_lps: 406, num_lps_per_pe: 7
100
g_num_total_lps: 406, num_lps_per_pe: 7
100
g_num_total_lps: 406, num_lps_per_pe: 7
100
g_num_total_lps: 406, num_lps_per_pe: 7
100
g_num_total_lps: 406, num_lps_per_pe: 7
100
g_num_total_lps: 406, num_lps_per_pe: 7
100
g_num_total_lps: 406, num_lps_per_pe: 7
100
g_num_total_lps: 406, num_lps_per_pe: 7
100
g_num_total_lps: 406, num_lps_per_pe: 7
100
g_num_total_lps: 406, num_lps_per_pe: 7
100
g_num_total_lps: 406, num_lps_per_pe: 7
tw_net_start: Found world size to be 64 
100
g_num_total_lps: 406, num_lps_per_pe: 7

ROSS Core Configuration: 
	Total PEs                                                   64
	Total KPs                                          [Nodes (64) x KPs (16)] 1024
	Total LPs                                                  448
	Simulation End Time                                  600000.00
	LP-to-PE Mapping                                        linear


ROSS Event Memory Allocation:
	Model events                                              2049
	Network events                                              16
	Total events                                              2064

Initializing client, gid: 203 (Channel 403)
Initializing client, gid: 204 (Channel 404)
Initializing client, gid: 205 (Channel 405)
Initializing channel, gid: 206 (Client 6)
Initializing channel, gid: 207 (Client 7)
Initializing channel, gid: 208 (Client 8)
Initializing channel, gid: 209 (Client 9)
Initializing channel, gid: 210 (Client 10)
Initializing channel, gid: 211 (Client 11)
Initializing channel, gid: 212 (Client 12)
Initializing channel, gid: 213 (Client 13)
Initializing channel, gid: 214 (Client 14)
Initializing channel, gid: 215 (Client 15)
Initializing channel, gid: 216 (Client 16)
Initializing coordinator, gid: 0
Initializing aggregator, gid: 1
Initializing aggregator, gid: 2
Initializing aggregator, gid: 3
Initializing aggregator, gid: 4
Initializing selector, gid: 5, Clients: 6,7,8,9,10,11,12,13,14,15,16,17,18,19,20,21,22,23,24,25,26,27,28,29,30,31,32,33,34,35,36,37,38,39,40,41,42,43,44,45,46,47,48,49,50,51,52,53,54,55,56,57,58,59,60,61,62,63,64,65,66,67,68,69,70,71,72,73,74,75,76,77,78,79,80,81,82,83,84,85,86,87,88,89,90,91,92,93,94,95,96,97,98,99,100,101,102,103,104,105,106,107,108,109,110,111,112,113,114,115,116,117,118,119,120,121,122,123,124,125,126,127,128,129,130,131,132,133,134,135,136,137,138,139,140,141,142,143,144,145,146,147,148,149,150,151,152,153,154,155,156,157,158,159,160,161,162,163,164,165,166,167,168,169,170,171,172,173,174,175,176,177,178,179,180,181,182,183,184,185,186,187,188,189,190,191,192,193,194,195,196,197,198,199,200,201,202,203,204,205,
Initializing client, gid: 6 (Channel 206)
Coordinator preeeinit
Initializing channel, gid: 217 (Client 17)
Initializing channel, gid: 218 (Client 18)
Initializing channel, gid: 219 (Client 19)
Initializing channel, gid: 220 (Client 20)
Initializing channel, gid: 221 (Client 21)
Initializing channel, gid: 222 (Client 22)
Initializing channel, gid: 223 (Client 23)
Initializing client, gid: 7 (Channel 207)
Initializing client, gid: 8 (Channel 208)
Initializing client, gid: 9 (Channel 209)
Initializing client, gid: 10 (Channel 210)
Initializing client, gid: 11 (Channel 211)
Initializing client, gid: 12 (Channel 212)
Initializing client, gid: 13 (Channel 213)
Initializing client, gid: 14 (Channel 214)
Initializing client, gid: 15 (Channel 215)
Initializing client, gid: 16 (Channel 216)
Initializing client, gid: 17 (Channel 217)
Initializing client, gid: 18 (Channel 218)
Initializing client, gid: 19 (Channel 219)
Initializing client, gid: 20 (Channel 220)
Initializing client, gid: 21 (Channel 221)
Initializing client, gid: 22 (Channel 222)
Initializing client, gid: 23 (Channel 223)
Initializing client, gid: 24 (Channel 224)
Initializing client, gid: 25 (Channel 225)
Initializing client, gid: 26 (Channel 226)
Initializing client, gid: 27 (Channel 227)
Initializing client, gid: 28 (Channel 228)
Initializing client, gid: 29 (Channel 229)
Initializing client, gid: 30 (Channel 230)
Initializing client, gid: 31 (Channel 231)
Initializing client, gid: 32 (Channel 232)
Initializing client, gid: 33 (Channel 233)
Initializing client, gid: 34 (Channel 234)
Initializing client, gid: 105 (Channel 305)
Initializing client, gid: 106 (Channel 306)
Initializing client, gid: 107 (Channel 307)
Initializing client, gid: 108 (Channel 308)
Initializing client, gid: 109 (Channel 309)
Initializing client, gid: 110 (Channel 310)
Initializing client, gid: 111 (Channel 311)
Initializing client, gid: 35 (Channel 235)
Initializing client, gid: 36 (Channel 236)
Initializing client, gid: 37 (Channel 237)
Initializing client, gid: 38 (Channel 238)
Initializing client, gid: 39 (Channel 239)
Initializing client, gid: 40 (Channel 240)
Initializing client, gid: 41 (Channel 241)
Initializing client, gid: 49 (Channel 249)
Initializing client, gid: 50 (Channel 250)
Initializing client, gid: 51 (Channel 251)
Initializing client, gid: 52 (Channel 252)
Initializing client, gid: 53 (Channel 253)
Initializing client, gid: 54 (Channel 254)
Initializing client, gid: 55 (Channel 255)
Initializing client, gid: 196 (Channel 396)
Initializing client, gid: 197 (Channel 397)
Initializing client, gid: 198 (Channel 398)
Initializing client, gid: 199 (Channel 399)
Initializing client, gid: 200 (Channel 400)
Initializing client, gid: 201 (Channel 401)
Initializing client, gid: 202 (Channel 402)
Initializing client, gid: 63 (Channel 263)
Initializing client, gid: 64 (Channel 264)
Initializing client, gid: 65 (Channel 265)
Initializing client, gid: 66 (Channel 266)
Initializing client, gid: 67 (Channel 267)
Initializing client, gid: 68 (Channel 268)
Initializing client, gid: 69 (Channel 269)
Initializing client, gid: 70 (Channel 270)
Initializing client, gid: 71 (Channel 271)
Initializing client, gid: 72 (Channel 272)
Initializing client, gid: 73 (Channel 273)
Initializing client, gid: 74 (Channel 274)
Initializing client, gid: 75 (Channel 275)
Initializing client, gid: 76 (Channel 276)
Initializing client, gid: 56 (Channel 256)
Initializing client, gid: 57 (Channel 257)
Initializing client, gid: 58 (Channel 258)
Initializing client, gid: 59 (Channel 259)
Initializing client, gid: 60 (Channel 260)
Initializing client, gid: 61 (Channel 261)
Initializing client, gid: 62 (Channel 262)
Initializing client, gid: 84 (Channel 284)
Initializing client, gid: 85 (Channel 285)
Initializing client, gid: 86 (Channel 286)
Initializing client, gid: 87 (Channel 287)
Initializing client, gid: 88 (Channel 288)
Initializing client, gid: 89 (Channel 289)
Initializing client, gid: 90 (Channel 290)
Initializing client, gid: 77 (Channel 277)
Initializing client, gid: 78 (Channel 278)
Initializing client, gid: 79 (Channel 279)
Initializing client, gid: 80 (Channel 280)
Initializing client, gid: 81 (Channel 281)
Initializing client, gid: 82 (Channel 282)
Initializing client, gid: 83 (Channel 283)
Initializing client, gid: 98 (Channel 298)
Initializing client, gid: 99 (Channel 299)
Initializing client, gid: 100 (Channel 300)
Initializing client, gid: 101 (Channel 301)
Initializing client, gid: 102 (Channel 302)
Initializing client, gid: 103 (Channel 303)
Initializing client, gid: 104 (Channel 304)
Initializing client, gid: 119 (Channel 319)
Initializing client, gid: 120 (Channel 320)
Initializing client, gid: 121 (Channel 321)
Initializing client, gid: 122 (Channel 322)
Initializing client, gid: 123 (Channel 323)
Initializing client, gid: 124 (Channel 324)
Initializing client, gid: 125 (Channel 325)
[dcs157:128134] *** Process received signal ***
[dcs157:128134] Signal: Segmentation fault (11)
[dcs157:128134] Signal code: Address not mapped (1)
[dcs157:128134] Failing at address: (nil)
[dcs157:128134] [ 0] [0x7fffba5504d8]
[dcs157:128134] [ 1] /gpfs/u/home/PCP9/PCP9srsd/barn/Final/ROSS/build_cpu/models/mobile-grid-ross/liblmobile_grid.so(schedule_rcta+0x70)[0x7fffba3ed110]
[dcs157:128134] [ 2] /gpfs/u/home/PCP9/PCP9srsd/barn/Final/ROSS/build_cpu/models/mobile-grid-ross/liblmobile_grid.so(schedule+0x628)[0x7fffba3ecca8]
[dcs157:128134] [ 3] /gpfs/u/home/PCP9/PCP9srsd/barn/Final/ROSS/build_cpu/models/mobile-grid-ross/liblmobile_grid.so(coordinator_event_handler+0x14c)[0x7fffba3ebe8c]
[dcs157:128134] [ 4] /gpfs/u/home/PCP9/PCP9srsd/barn/Final/ROSS/build_cpu/models/mobile-grid-ross/mobile_grid[0x10031164]
[dcs157:128134] [ 5] /gpfs/u/home/PCP9/PCP9srsd/barn/Final/ROSS/build_cpu/models/mobile-grid-ross/mobile_grid[0x1001e6c0]
[dcs157:128134] [ 6] /gpfs/u/home/PCP9/PCP9srsd/barn/Final/ROSS/build_cpu/models/mobile-grid-ross/mobile_grid[0x10004798]
[dcs157:128134] [ 7] /usr/lib64/libc.so.6(+0x25200)[0x7fffb9fc5200]
[dcs157:128134] [ 8] /usr/lib64/libc.so.6(__libc_start_main+0xc4)[0x7fffb9fc53f4]
[dcs157:128134] *** End of error message ***
Initializing client, gid: 42 (Channel 242)
Initializing client, gid: 43 (Channel 243)
Initializing client, gid: 44 (Channel 244)
Initializing client, gid: 45 (Channel 245)
Initializing client, gid: 46 (Channel 246)
Initializing client, gid: 47 (Channel 247)
Initializing client, gid: 48 (Channel 248)
Initializing client, gid: 91 (Channel 291)
Initializing client, gid: 92 (Channel 292)
Initializing client, gid: 93 (Channel 293)
Initializing client, gid: 94 (Channel 294)
Initializing client, gid: 95 (Channel 295)
Initializing client, gid: 96 (Channel 296)
Initializing client, gid: 97 (Channel 297)
Initializing client, gid: 126 (Channel 326)
Initializing client, gid: 127 (Channel 327)
Initializing client, gid: 128 (Channel 328)
Initializing client, gid: 129 (Channel 329)
Initializing client, gid: 130 (Channel 330)
Initializing client, gid: 131 (Channel 331)
Initializing client, gid: 132 (Channel 332)
Initializing client, gid: 133 (Channel 333)
Initializing client, gid: 134 (Channel 334)
Initializing client, gid: 135 (Channel 335)
Initializing client, gid: 136 (Channel 336)
Initializing client, gid: 137 (Channel 337)
Initializing client, gid: 138 (Channel 338)
Initializing client, gid: 139 (Channel 339)
Initializing client, gid: 112 (Channel 312)
Initializing client, gid: 113 (Channel 313)
Initializing client, gid: 114 (Channel 314)
Initializing client, gid: 115 (Channel 315)
Initializing client, gid: 116 (Channel 316)
Initializing client, gid: 117 (Channel 317)
Initializing client, gid: 118 (Channel 318)
Initializing client, gid: 140 (Channel 340)
Initializing client, gid: 141 (Channel 341)
Initializing client, gid: 142 (Channel 342)
Initializing client, gid: 143 (Channel 343)
Initializing client, gid: 144 (Channel 344)
Initializing client, gid: 145 (Channel 345)
Initializing client, gid: 146 (Channel 346)
Initializing client, gid: 154 (Channel 354)
Initializing client, gid: 155 (Channel 355)
Initializing client, gid: 156 (Channel 356)
Initializing client, gid: 157 (Channel 357)
Initializing client, gid: 158 (Channel 358)
Initializing client, gid: 159 (Channel 359)
Initializing client, gid: 160 (Channel 360)
Initializing client, gid: 161 (Channel 361)
Initializing client, gid: 162 (Channel 362)
Initializing client, gid: 163 (Channel 363)
Initializing client, gid: 164 (Channel 364)
Initializing client, gid: 165 (Channel 365)
Initializing client, gid: 166 (Channel 366)
Initializing client, gid: 167 (Channel 367)
Initializing client, gid: 168 (Channel 368)
Initializing client, gid: 169 (Channel 369)
Initializing client, gid: 170 (Channel 370)
Initializing client, gid: 171 (Channel 371)
Initializing client, gid: 172 (Channel 372)
Initializing client, gid: 173 (Channel 373)
Initializing client, gid: 174 (Channel 374)
Initializing client, gid: 175 (Channel 375)
Initializing client, gid: 176 (Channel 376)
Initializing client, gid: 177 (Channel 377)
Initializing client, gid: 178 (Channel 378)
Initializing client, gid: 179 (Channel 379)
Initializing client, gid: 180 (Channel 380)
Initializing client, gid: 181 (Channel 381)
Initializing client, gid: 147 (Channel 347)
Initializing client, gid: 148 (Channel 348)
Initializing client, gid: 149 (Channel 349)
Initializing client, gid: 150 (Channel 350)
Initializing client, gid: 151 (Channel 351)
Initializing client, gid: 152 (Channel 352)
Initializing client, gid: 153 (Channel 353)
Initializing client, gid: 189 (Channel 389)
Initializing client, gid: 190 (Channel 390)
Initializing client, gid: 191 (Channel 391)
Initializing client, gid: 192 (Channel 392)
Initializing client, gid: 193 (Channel 393)
Initializing client, gid: 194 (Channel 394)
Initializing client, gid: 195 (Channel 395)
Initializing client, gid: 182 (Channel 382)
Initializing client, gid: 183 (Channel 383)
Initializing client, gid: 184 (Channel 384)
Initializing client, gid: 185 (Channel 385)
Initializing client, gid: 186 (Channel 386)
Initializing client, gid: 187 (Channel 387)
Initializing client, gid: 188 (Channel 388)
*** START PARALLEL CONSERVATIVE SIMULATION ***

Device available received 72, 2147483648, 0, 0.058331
Device available received 109, 0, 0, 0.101339
GVT #3: simulation 1% complete, max event queue size 202 (GVT = 8433.9170).
AVL tree size: 0
Device available received 100, 3221225472, 0, 0.095251
Device available received 77, 2147483648, 0, 0.098686
Task Arriving
Scheduling new taskGenerating map reduce task
Staged subtask: 63
scheduling
Notifying aggregators
Assigned to aggregator num tasks34
Assigned to aggregator num tasks33
Assigned to aggregator num tasks33
Initializing channel, gid: 399 (Client 199)
Initializing channel, gid: 400 (Client 200)
Initializing channel, gid: 401 (Client 201)
Initializing channel, gid: 402 (Client 202)
Initializing channel, gid: 403 (Client 203)
Initializing channel, gid: 404 (Client 204)
Initializing channel, gid: 405 (Client 205)
Initializing channel, gid: 392 (Client 192)
Initializing channel, gid: 393 (Client 193)
Initializing channel, gid: 394 (Client 194)
Initializing channel, gid: 395 (Client 195)
Initializing channel, gid: 396 (Client 196)
Initializing channel, gid: 397 (Client 197)
Initializing channel, gid: 398 (Client 198)
Initializing channel, gid: 224 (Client 24)
Initializing channel, gid: 225 (Client 25)
Initializing channel, gid: 226 (Client 26)
Initializing channel, gid: 227 (Client 27)
Initializing channel, gid: 228 (Client 28)
Initializing channel, gid: 229 (Client 29)
Initializing channel, gid: 230 (Client 30)
Initializing channel, gid: 231 (Client 31)
Initializing channel, gid: 232 (Client 32)
Initializing channel, gid: 233 (Client 33)
Initializing channel, gid: 234 (Client 34)
Initializing channel, gid: 235 (Client 35)
Initializing channel, gid: 236 (Client 36)
Initializing channel, gid: 237 (Client 37)
Initializing channel, gid: 238 (Client 38)
Initializing channel, gid: 239 (Client 39)
Initializing channel, gid: 240 (Client 40)
Initializing channel, gid: 241 (Client 41)
Initializing channel, gid: 242 (Client 42)
Initializing channel, gid: 243 (Client 43)
Initializing channel, gid: 244 (Client 44)
Initializing channel, gid: 245 (Client 45)
Initializing channel, gid: 246 (Client 46)
Initializing channel, gid: 247 (Client 47)
Initializing channel, gid: 248 (Client 48)
Initializing channel, gid: 249 (Client 49)
Initializing channel, gid: 250 (Client 50)
Initializing channel, gid: 251 (Client 51)
Initializing channel, gid: 252 (Client 52)
Initializing channel, gid: 253 (Client 53)
Initializing channel, gid: 254 (Client 54)
Initializing channel, gid: 255 (Client 55)
Initializing channel, gid: 256 (Client 56)
Initializing channel, gid: 257 (Client 57)
Initializing channel, gid: 258 (Client 58)
Initializing channel, gid: 266 (Client 66)
Initializing channel, gid: 267 (Client 67)
Initializing channel, gid: 268 (Client 68)
Initializing channel, gid: 269 (Client 69)
Initializing channel, gid: 270 (Client 70)
Initializing channel, gid: 271 (Client 71)
Initializing channel, gid: 272 (Client 72)
Initializing channel, gid: 273 (Client 73)
Initializing channel, gid: 274 (Client 74)
Initializing channel, gid: 275 (Client 75)
Initializing channel, gid: 276 (Client 76)
Initializing channel, gid: 277 (Client 77)
Initializing channel, gid: 278 (Client 78)
Initializing channel, gid: 279 (Client 79)
Initializing channel, gid: 280 (Client 80)
Initializing channel, gid: 281 (Client 81)
Initializing channel, gid: 282 (Client 82)
Initializing channel, gid: 283 (Client 83)
Initializing channel, gid: 284 (Client 84)
Initializing channel, gid: 285 (Client 85)
Initializing channel, gid: 286 (Client 86)
Initializing channel, gid: 287 (Client 87)
Initializing channel, gid: 288 (Client 88)
Initializing channel, gid: 289 (Client 89)
Initializing channel, gid: 290 (Client 90)
Initializing channel, gid: 291 (Client 91)
Initializing channel, gid: 292 (Client 92)
Initializing channel, gid: 293 (Client 93)
Initializing channel, gid: 259 (Client 59)
Initializing channel, gid: 260 (Client 60)
Initializing channel, gid: 261 (Client 61)
Initializing channel, gid: 262 (Client 62)
Initializing channel, gid: 263 (Client 63)
Initializing channel, gid: 264 (Client 64)
Initializing channel, gid: 265 (Client 65)
Initializing channel, gid: 294 (Client 94)
Initializing channel, gid: 295 (Client 95)
Initializing channel, gid: 296 (Client 96)
Initializing channel, gid: 297 (Client 97)
Initializing channel, gid: 298 (Client 98)
Initializing channel, gid: 299 (Client 99)
Initializing channel, gid: 300 (Client 100)
Initializing channel, gid: 301 (Client 101)
Initializing channel, gid: 302 (Client 102)
Initializing channel, gid: 303 (Client 103)
Initializing channel, gid: 304 (Client 104)
Initializing channel, gid: 305 (Client 105)
Initializing channel, gid: 306 (Client 106)
Initializing channel, gid: 307 (Client 107)
Initializing channel, gid: 308 (Client 108)
Initializing channel, gid: 309 (Client 109)
Initializing channel, gid: 310 (Client 110)
Initializing channel, gid: 311 (Client 111)
Initializing channel, gid: 312 (Client 112)
Initializing channel, gid: 313 (Client 113)
Initializing channel, gid: 314 (Client 114)
Initializing channel, gid: 322 (Client 122)
Initializing channel, gid: 323 (Client 123)
Initializing channel, gid: 324 (Client 124)
Initializing channel, gid: 325 (Client 125)
Initializing channel, gid: 326 (Client 126)
Initializing channel, gid: 327 (Client 127)
Initializing channel, gid: 328 (Client 128)
Initializing channel, gid: 329 (Client 129)
Initializing channel, gid: 330 (Client 130)
Initializing channel, gid: 331 (Client 131)
Initializing channel, gid: 332 (Client 132)
Initializing channel, gid: 333 (Client 133)
Initializing channel, gid: 334 (Client 134)
Initializing channel, gid: 335 (Client 135)
Initializing channel, gid: 315 (Client 115)
Initializing channel, gid: 316 (Client 116)
Initializing channel, gid: 317 (Client 117)
Initializing channel, gid: 318 (Client 118)
Initializing channel, gid: 319 (Client 119)
Initializing channel, gid: 320 (Client 120)
Initializing channel, gid: 321 (Client 121)
Initializing channel, gid: 336 (Client 136)
Initializing channel, gid: 337 (Client 137)
Initializing channel, gid: 338 (Client 138)
Initializing channel, gid: 339 (Client 139)
Initializing channel, gid: 340 (Client 140)
Initializing channel, gid: 341 (Client 141)
Initializing channel, gid: 342 (Client 142)
Initializing channel, gid: 343 (Client 143)
Initializing channel, gid: 344 (Client 144)
Initializing channel, gid: 345 (Client 145)
Initializing channel, gid: 346 (Client 146)
Initializing channel, gid: 347 (Client 147)
Initializing channel, gid: 348 (Client 148)
Initializing channel, gid: 349 (Client 149)
Initializing channel, gid: 350 (Client 150)
Initializing channel, gid: 351 (Client 151)
Initializing channel, gid: 352 (Client 152)
Initializing channel, gid: 353 (Client 153)
Initializing channel, gid: 354 (Client 154)
Initializing channel, gid: 355 (Client 155)
Initializing channel, gid: 356 (Client 156)
Initializing channel, gid: 357 (Client 157)
Initializing channel, gid: 358 (Client 158)
Initializing channel, gid: 359 (Client 159)
Initializing channel, gid: 360 (Client 160)
Initializing channel, gid: 361 (Client 161)
Initializing channel, gid: 362 (Client 162)
Initializing channel, gid: 363 (Client 163)
Initializing channel, gid: 371 (Client 171)
Initializing channel, gid: 372 (Client 172)
Initializing channel, gid: 373 (Client 173)
Initializing channel, gid: 374 (Client 174)
Initializing channel, gid: 375 (Client 175)
Initializing channel, gid: 376 (Client 176)
Initializing channel, gid: 377 (Client 177)
Initializing channel, gid: 364 (Client 164)
Initializing channel, gid: 365 (Client 165)
Initializing channel, gid: 366 (Client 166)
Initializing channel, gid: 367 (Client 167)
Initializing channel, gid: 368 (Client 168)
Initializing channel, gid: 369 (Client 169)
Initializing channel, gid: 370 (Client 170)
Initializing channel, gid: 385 (Client 185)
Initializing channel, gid: 386 (Client 186)
Initializing channel, gid: 387 (Client 187)
Initializing channel, gid: 388 (Client 188)
Initializing channel, gid: 389 (Client 189)
Initializing channel, gid: 390 (Client 190)
Initializing channel, gid: 391 (Client 191)
Initializing channel, gid: 378 (Client 178)
Initializing channel, gid: 379 (Client 179)
Initializing channel, gid: 380 (Client 180)
Initializing channel, gid: 381 (Client 181)
Initializing channel, gid: 382 (Client 182)
Initializing channel, gid: 383 (Client 183)
Initializing channel, gid: 384 (Client 184)
--------------------------------------------------------------------------
Primary job  terminated normally, but 1 process returned
a non-zero exit code. Per user-direction, the job has been aborted.
--------------------------------------------------------------------------
--------------------------------------------------------------------------
mpirun noticed that process rank 0 with PID 0 on node dcs157 exited on signal 11 (Segmentation fault).
--------------------------------------------------------------------------
+ rm /tmp/hosts.152498
